0XC9EF0   stp            x22, x21, [sp, #0xe0]         x22:0x786907c0  x21:0x598aec74  
0XC9EF4   stp            x20, x19, [sp, #0xf0]         x20:0x598aecb4  x19:0x70e0f41000  
0XC9EF8   add            x29, sp, #0xb0                fp:0x70db5bd940  sp:0x70db5bd890  
0XC9EFC   mrs            x21, tpidr_el0                x21:0x70db5be000  
0XC9F00   ldr            x8, [x21, #0x28]              x8:0x6f53e795ec7e63af!0x6f53e7250bab33af  
0XC9F04   adrp           x22, #0x70e0f48000            x22:0x70e0f48000  
0XC9F08   add            x22, x22, #0x780              x22:0x70e0f48780  
0XC9F0C   mov            x24, #-0x224c                 x24:0xffffffffffffddb4  
0XC9F10   stur           x8, [x29, #-8]                x8:0x6f53e795ec7e63af!0x6f53e7250bab33af  
0XC9F14   ldr            x8, [x22]                     x8:0x70f9ada9fc!0x18da79fc  
0XC9F18   movk           x24, #0xe746, lsl #16         x24:0xffffffffe746ddb4  
0XC9F1C   mov            w23, #0x7d1c                  
0XC9F20   movk           w23, #0x182e, lsl #16         
0XC9F24   ldr            x8, [x8, x24]                 x8:0x70c8b0b840!-0x182277c0  
0XC9F28   mov            x19, x0                       x19:0x70db5bd998  x0:0x70db5bd998  
0XC9F2C   add            x0, sp, #0x48                 x0:0x70db5bd8d8  sp:0x70db5bd890  
0XC9F30   add            x8, x8, x23                   x8:0x70e0df355c!0xc055c  x23:0x182e7d1c  
0XC9F34   blr            x8                            

0XC9F38   ldr            x8, [x22]                     x8:0x70f9ada9fc!0x18da79fc  
0XC9F3C   mov            x9, #-0x2244                  x9:0xffffffffffffddbc!0xffffff8f1f2cadbc  
0XC9F40   movk           x9, #0xe746, lsl #16          x9:0xffffffffe746ddbc!0xffffff8f0673adbc  
0XC9F44   mov            x0, sp                        x0:0x70db5bd890  sp:0x70db5bd890  
0XC9F48   ldr            x8, [x8, x9]                  x8:0x70c8b34300!-0x181fed00  
0XC9F4C   add            x8, x8, x23                   x8:0x70e0e1c01c!0xe901c  x23:0x182e7d1c  
0XC9F50   blr            x8                            

0XC9F54   ldr            x8, [x22]                     x8:0x70f9ada9fc!0x18da79fc  
0XC9F58   mov            x20, #-0x223c                 x20:0xffffffffffffddc4  
0XC9F5C   movk           x20, #0xe746, lsl #16         x20:0xffffffffe746ddc4  
0XC9F60   mov            x1, x0                        x1:0x71d1203720  x0:0x71d1203720  
0XC9F64   ldr            x8, [x8, x20]                 x8:0x70c8b5d980!-0x181d5680  
0XC9F68   add            x0, sp, #0x38                 x0:0x70db5bd8c8  sp:0x70db5bd890  
0XC9F6C   add            x8, x8, x23                   x8:0x70e0e4569c!0x11269c  x23:0x182e7d1c  
0XC9F70   blr            x8                            

0XC9F74   ldp            x8, x9, [x22]                 x8:0x70f9ada9fc!0x18da79fc  x9:0x70f9af042c!0x18dbd42c  
0XC9F78   add            x0, sp, #0x28                 x0:0x70db5bd8b8  sp:0x70db5bd890  
0XC9F7C   ldr            x8, [x8, x20]                 x8:0x70c8b5d980!-0x181d5680  
0XC9F80   ldr            x1, [x9, x24]                 x1:0x71b10d2fd0  
0XC9F84   add            x8, x8, x23                   x8:0x70e0e4569c!0x11269c  x23:0x182e7d1c  
0XC9F88   blr            x8                            

0XC9F8C   ldr            x8, [x22]                     x8:0x70f9ada9fc!0x18da79fc  
0XC9F90   mov            x9, #-0x2234                  x9:0xffffffffffffddcc!0xffffff8f1f2cadcc  
0XC9F94   movk           x9, #0xe746, lsl #16          x9:0xffffffffe746ddcc!0xffffff8f0673adcc  
0XC9F98   mov            x0, x19                       x0:0x70db5bd998  x19:0x70db5bd998  
0XC9F9C   ldr            x8, [x8, x9]                  x8:0x70c8b09f20!-0x182290e0  
0XC9FA0   add            x8, x8, x23                   x8:0x70e0df1c3c!0xbec3c  x23:0x182e7d1c  
0XC9FA4   blr            x8                            

0XC9FA8   ldr            x8, [x22]                     x8:0x70f9ada9fc!0x18da79fc  
0XC9FAC   mov            x9, #-0x222c                  x9:0xffffffffffffddd4!0xffffff8f1f2cadd4  
0XC9FB0   movk           x9, #0xe746, lsl #16          x9:0xffffffffe746ddd4!0xffffff8f0673add4  
0XC9FB4   mov            x20, x0                       x20:0x72a1081be0  x0:0x72a1081be0  
0XC9FB8   ldr            x8, [x8, x9]                  x8:0x70c8b5f614!-0x181d39ec  
0XC9FBC   mov            x0, x19                       x0:0x70db5bd998  x19:0x70db5bd998  
0XC9FC0   add            x8, x8, x23                   x8:0x70e0e47330!0x114330  x23:0x182e7d1c  
0XC9FC4   blr            x8                            

0XC9FC8   ldr            x8, [x22]                     x8:0x70f9ada9fc!0x18da79fc  
0XC9FCC   mov            x9, #-0x2224                  x9:0xffffffffffffdddc!0xffffff8f1f2caddc  
0XC9FD0   movk           x9, #0xe746, lsl #16          x9:0xffffffffe746dddc!0xffffff8f0673addc  
0XC9FD4   ldp            x1, x2, [sp, #0x38]           x1:0x71d1203720  x2:0x32  
0XC9FD8   ldr            x8, [x8, x9]                  x8:0x70c8b14a98!-0x1821e568  
0XC9FDC   ldp            x3, x4, [sp, #0x28]           x3:0x71b10d2fd0  x4:0x10  
0XC9FE0   mov            x6, x0                        x6:0x547  x0:0x547  
0XC9FE4   add            x7, sp, #0x48                 x7:0x70db5bd8d8  sp:0x70db5bd890  
0XC9FE8   add            x8, x8, x23                   x8:0x70e0dfc7b4!0xc97b4  x23:0x182e7d1c  
0XC9FEC   mov            w0, #1                        
0XC9FF0   mov            x5, x20                       x5:0x72a1081be0  x20:0x72a1081be0  
0XC9FF4   blr            x8                            

0XC9FF8   ldr            x8, [x22, #0x10]              x8:0x70f9adaabc!0x18da7abc  
0XC9FFC   tst            w0, #1                        
0XCA000   mov            w9, #0x10                     
0XCA004   mov            w10, #0x48                    
0XCA008   csel           x9, x10, x9, ne               x9:0x48!-0x70e0d32fb8  x10:0x48  
0XCA00C   add            x8, x8, x9                    x8:0x70f9adab04!0x18da7b04  x9:0x48!-0x70e0d32fb8  
0XCA010   ldr            x8, [x8, x24]                 x8:0x70840d20cc!-0x5cc60f34  
0XCA014   mov            w9, #0xaf64                   
0XCA018   movk           w9, #0x5cd2, lsl #16          
0XCA01C   adrp           x23, #0x70e0f48000            x23:0x70e0f48000  
0XCA020   add            x8, x8, x9                    x8:0x70e0dfd030!0xca030  x9:0x5cd2af64!-0x708400809c  

0XCA030   ldr            x8, [x22]                     x8:0x70f9ada9fc!0x18da79fc  
0XCA034   mov            x9, #-0x221c                  x9:0xffffffffffffdde4!0xffffff8f1f2cade4  
0XCA038   movk           x9, #0xe746, lsl #16          x9:0xffffffffe746dde4!0xffffff8f0673ade4  
0XCA03C   mov            w19, #0x7d1c                  
0XCA040   ldr            x8, [x8, x9]                  x8:0x70c8b6345c!-0x181cfba4  
0XCA044   movk           w19, #0x182e, lsl #16         
0XCA048   sub            x0, x29, #0x40                x0:0x70db5bd900  fp:0x70db5bd940  
0XCA04C   mov            x1, xzr                       x1:0x0  
0XCA050   add            x8, x8, x19                   x8:0x70e0e4b178!0x118178  x19:0x182e7d1c  
0XCA054   blr            x8                            

0XCA058   ldr            x8, [x22]                     x8:0x70f9ada9fc!0x18da79fc  
0XCA05C   mov            x9, #-0x2214                  x9:0xffffffffffffddec!0xffffff8f1f2cadec  
0XCA060   movk           x9, #0xe746, lsl #16          x9:0xffffffffe746ddec!0xffffff8f0673adec  
0XCA064   add            x0, sp, #0x48                 x0:0x70db5bd8d8  sp:0x70db5bd890  
0XCA068   ldr            x8, [x8, x9]                  x8:0x70c8b63498!-0x181cfb68  
0XCA06C   sub            x1, x29, #0x40                x1:0x70db5bd900  fp:0x70db5bd940  
0XCA070   mov            w2, wzr                       
0XCA074   mov            w3, wzr                       
0XCA078   add            x9, x8, x19                   x9:0x70e0e4b1b4!0x1181b4  x8:0x70c8b63498!-0x181cfb68  x19:0x182e7d1c  
0XCA07C   add            x8, sp, #0x18                 x8:0x70db5bd8a8!-0x5775758  sp:0x70db5bd890  
0XCA080   blr            x9                            

0XCA084   ldr            x8, [x22]                     x8:0x70f9ada9fc!0x18da79fc  
0XCA088   mov            x9, #-0x220c                  x9:0xffffffffffffddf4!0xffffff8f1f2cadf4  
0XCA08C   movk           x9, #0xe746, lsl #16          x9:0xffffffffe746ddf4!0xffffff8f0673adf4  
0XCA090   sub            x0, x29, #0x40                x0:0x70db5bd900  fp:0x70db5bd940  
0XCA094   ldr            x8, [x8, x9]                  x8:0x70c8b6372c!-0x181cf8d4  
0XCA098   add            x8, x8, x19                   x8:0x70e0e4b448!0x118448  x19:0x182e7d1c  
0XCA09C   blr            x8                            

0XCA0A0   ldr            x8, [x22]                     x8:0x70f9ada9fc!0x18da79fc  
0XCA0A4   mov            x25, #-0x2204                 x25:0xffffffffffffddfc  
0XCA0A8   movk           x25, #0xe746, lsl #16         x25:0xffffffffe746ddfc  
0XCA0AC   add            x0, sp, #0x18                 x0:0x70db5bd8a8  sp:0x70db5bd890  
0XCA0B0   ldr            x8, [x8, x25]                 x8:0x70c8b5b0f0!-0x181d7f10  
0XCA0B4   add            x8, x8, x19                   x8:0x70e0e42e0c!0x10fe0c  x19:0x182e7d1c  
0XCA0B8   blr            x8                            

0XCA0BC   ldr            x8, [x22, #0x10]              x8:0x70f9adaabc!0x18da7abc  
0XCA0C0   tst            w0, #1                        
0XCA0C4   mov            w9, #0x20                     
0XCA0C8   csel           x9, x9, xzr, ne               x9:0x20!-0x70e0d32fe0  
0XCA0CC   add            x8, x8, x9                    x8:0x70f9adaadc!0x18da7adc  x9:0x20!-0x70e0d32fe0  
0XCA0D0   ldr            x8, [x8, x24]                 x8:0x70840d2184!-0x5cc60e7c  
0XCA0D4   mov            w9, #0xaf64                   
0XCA0D8   movk           w9, #0x5cd2, lsl #16          
0XCA0DC   mov            w20, wzr                      
0XCA0E0   add            x8, x8, x9                    x8:0x70e0dfd0e8!0xca0e8  x9:0x5cd2af64!-0x708400809c  
0XCA0E4   br             x8                            

0XCA0E8   ldr            x8, [x22]                     x8:0x70f9ada9fc!0x18da79fc  
0XCA0EC   mov            x9, #-0x21fc                  x9:0xffffffffffffde04!0xffffff8f1f2cae04  
0XCA0F0   movk           x9, #0xe746, lsl #16          x9:0xffffffffe746de04!0xffffff8f0673ae04  
0XCA0F4   mov            w20, #0x7d1c                  
0XCA0F8   ldr            x8, [x8, x9]                  x8:0x70c8b343f4!-0x181fec0c  
0XCA0FC   movk           w20, #0x182e, lsl #16         
0XCA100   mov            x0, sp                        x0:0x70db5bd890  sp:0x70db5bd890  
0XCA104   add            x8, x8, x20                   x8:0x70e0e1c110!0xe9110  x20:0x182e7d1c  
0XCA108   blr            x8                            

0XCA10C   ldr            x8, [x22]                     x8:0x70f9ada9fc!0x18da79fc  
0XCA110   mov            x24, #-0x21f4                 x24:0xffffffffffffde0c  
0XCA114   movk           x24, #0xe746, lsl #16         x24:0xffffffffe746de0c  
0XCA118   mov            x1, x0                        x1:0x71a10ac770  x0:0x71a10ac770  
0XCA11C   ldr            x8, [x8, x24]                 x8:0x70c8b5b134!-0x181d7ecc  
0XCA120   add            x0, sp, #0x18                 x0:0x70db5bd8a8  sp:0x70db5bd890  
0XCA124   add            x8, x8, x20                   x8:0x70e0e42e50!0x10fe50  x20:0x182e7d1c  
0XCA128   blr            x8                            

0XCA12C   ldr            x8, [x22]                     x8:0x70f9ada9fc!0x18da79fc  
0XCA130   mov            x19, x0                       x19:0x71e1097fe8  x0:0x71e1097fe8  
0XCA134   ldr            x8, [x8, x25]                 x8:0x70c8b5b0f0!-0x181d7f10  
0XCA138   add            x8, x8, x20                   x8:0x70e0e42e0c!0x10fe0c  x20:0x182e7d1c  
0XCA13C   blr            x8                            

0XCA140   ldr            x8, [x22, #0x10]              x8:0x70f9adaabc!0x18da7abc  
0XCA144   tst            w0, #1                        
0XCA148   mov            w9, #8                        
0XCA14C   mov            w10, #0x30                    
0XCA150   csel           x9, x10, x9, ne               x9:0x30!-0x70e0d32fd0  x10:0x30  
0XCA154   mov            x25, #-0x224c                 x25:0xffffffffffffddb4  
0XCA158   add            x8, x8, x9                    x8:0x70f9adaaec!0x18da7aec  x9:0x30!-0x70e0d32fd0  
0XCA15C   movk           x25, #0xe746, lsl #16         x25:0xffffffffe746ddb4  
0XCA160   ldr            x8, [x8, x25]                 x8:0x70840d2214!-0x5cc60dec  
0XCA164   mov            w9, #0xaf64                   
0XCA168   movk           w9, #0x5cd2, lsl #16          
0XCA16C   mov            w20, wzr                      
0XCA170   add            x8, x8, x9                    x8:0x70e0dfd178!0xca178  x9:0x5cd2af64!-0x708400809c  
0XCA174   br             x8                            

0XCA178   ldr            x8, [x22]                     x8:0x70f9ada9fc!0x18da79fc  
0XCA17C   mov            x9, #-0x21ec                  x9:0xffffffffffffde14!0xffffff8f1f2cae14  
0XCA180   movk           x9, #0xe746, lsl #16          x9:0xffffffffe746de14!0xffffff8f0673ae14  
0XCA184   mov            w20, #0x7d1c                  
0XCA188   ldr            x8, [x8, x9]                  x8:0x70c8b344dc!-0x181feb24  
0XCA18C   movk           w20, #0x182e, lsl #16         
0XCA190   mov            x0, sp                        x0:0x70db5bd890  sp:0x70db5bd890  
0XCA194   add            x8, x8, x20                   x8:0x70e0e1c1f8!0xe91f8  x20:0x182e7d1c  
0XCA198   blr            x8                            

0XCA19C   ldr            x8, [x22]                     x8:0x70f9ada9fc!0x18da79fc  
0XCA1A0   mov            x1, x0                        x1:0x71a10b9e10  x0:0x71a10b9e10  
0XCA1A4   mov            x0, x19                       x0:0x71e1097fe8  x19:0x71e1097fe8  
0XCA1A8   ldr            x8, [x8, x24]                 x8:0x70c8b5b134!-0x181d7ecc  
0XCA1AC   add            x8, x8, x20                   x8:0x70e0e42e50!0x10fe50  x20:0x182e7d1c  
0XCA1B0   blr            x8                            

0XCA1B4   ldr            x8, [x22]                     x8:0x70f9ada9fc!0x18da79fc  
0XCA1B8   mov            x9, #-0x21e4                  x9:0xffffffffffffde1c!0xffffff8f1f2cae1c  
0XCA1BC   movk           x9, #0xe746, lsl #16          x9:0xffffffffe746de1c!0xffffff8f0673ae1c  
0XCA1C0   mov            x19, x0                       x19:0x71e1091aa8  x0:0x71e1091aa8  
0XCA1C4   ldr            x8, [x8, x9]                  x8:0x70c8b5b4c8!-0x181d7b38  
0XCA1C8   add            x8, x8, x20                   x8:0x70e0e431e4!0x1101e4  x20:0x182e7d1c  
0XCA1CC   blr            x8                            

0XCA1D0   ldr            x8, [x22, #0x10]              x8:0x70f9adaabc!0x18da7abc  
0XCA1D4   tst            w0, #1                        
0XCA1D8   mov            w9, #0x40                     
0XCA1DC   mov            w10, #0x38                    
0XCA1E0   csel           x9, x10, x9, ne               x9:0x38!-0x70e0d32fc8  x10:0x38  
0XCA1E4   add            x8, x8, x9                    x8:0x70f9adaaf4!0x18da7af4  x9:0x38!-0x70e0d32fc8  
0XCA1E8   ldr            x8, [x8, x25]                 x8:0x70840d229c!-0x5cc60d64  
0XCA1EC   mov            w9, #0xaf64                   
0XCA1F0   movk           w9, #0x5cd2, lsl #16          
0XCA1F4   mov            w20, wzr                      
0XCA1F8   add            x8, x8, x9                    x8:0x70e0dfd200!0xca200  x9:0x5cd2af64!-0x708400809c  
0XCA1FC   br             x8                            

0XCA200   ldr            x8, [x22]                     x8:0x70f9ada9fc!0x18da79fc  
0XCA204   mov            x9, #-0x21dc                  x9:0xffffffffffffde24!0xffffff8f1f2cae24  
0XCA208   movk           x9, #0xe746, lsl #16          x9:0xffffffffe746de24!0xffffff8f0673ae24  
0XCA20C   mov            w20, #0x7d1c                  
0XCA210   ldr            x8, [x8, x9]                  x8:0x70c8b5b50c!-0x181d7af4  
0XCA214   movk           w20, #0x182e, lsl #16         
0XCA218   mov            x0, x19                       x0:0x71e1091aa8  x19:0x71e1091aa8  
0XCA21C   add            x9, x8, x20                   x9:0x70e0e43228!0x110228  x8:0x70c8b5b50c!-0x181d7af4  x20:0x182e7d1c  
0XCA220   mov            x8, sp                        x8:0x70db5bd890!-0x5775770  sp:0x70db5bd890  
0XCA224   blr            x9                            

0XCA228   ldr            x8, [x22]                     x8:0x70f9ada9fc!0x18da79fc  
0XCA22C   mov            x9, #-0x21d4                  x9:0xffffffffffffde2c!0xffffff8f1f2cae2c  
0XCA230   movk           x9, #0xe746, lsl #16          x9:0xffffffffe746de2c!0xffffff8f0673ae2c  
0XCA234   mov            x0, sp                        x0:0x70db5bd890  sp:0x70db5bd890  
0XCA238   ldr            x8, [x8, x9]                  x8:0x70c8b5b570!-0x181d7a90  
0XCA23C   add            x8, x8, x20                   x8:0x70e0e4328c!0x11028c  x20:0x182e7d1c  
0XCA240   blr            x8                            

0XCA244   ldr            x8, [x22, #0x10]              x8:0x70f9adaabc!0x18da7abc  
0XCA248   tst            w0, #1                        
0XCA24C   mov            w9, #0x28                     
0XCA250   mov            w10, #0x18                    
0XCA254   csel           x9, x10, x9, ne               x9:0x28!-0x70e0d32fd8  x10:0x18  
0XCA258   mov            x20, #-0x224c                 x20:0xffffffffffffddb4  
0XCA25C   add            x8, x8, x9                    x8:0x70f9adaae4!0x18da7ae4  x9:0x28!-0x70e0d32fd8  
0XCA260   movk           x20, #0xe746, lsl #16         x20:0xffffffffe746ddb4  
0XCA264   ldr            x8, [x8, x20]                 x8:0x70840d2314!-0x5cc60cec  
0XCA268   mov            w9, #0xaf64                   
0XCA26C   movk           w9, #0x5cd2, lsl #16          
0XCA270   add            x8, x8, x9                    x8:0x70e0dfd278!0xca278  x9:0x5cd2af64!-0x708400809c  
0XCA274   br             x8                            

0XCA278   ldr            x8, [x22]                     x8:0x70f9ada9fc!0x18da79fc  
0XCA27C   mov            x9, #-0x21cc                  x9:0xffffffffffffde34!0xffffff8f1f2cae34  
0XCA280   movk           x9, #0xe746, lsl #16          x9:0xffffffffe746de34!0xffffff8f0673ae34  
0XCA284   mov            w24, #0x7d1c                  
0XCA288   ldr            x8, [x8, x9]                  x8:0x70c8b929e0!-0x181a0620  
0XCA28C   movk           w24, #0x182e, lsl #16         
0XCA290   add            x8, x8, x24                   x8:0x70e0e7a6fc!0x1476fc  x24:0x182e7d1c  
0XCA294   blr            x8                            

0XCA298   ldr            x8, [x22]                     x8:0x70f9ada9fc!0x18da79fc  
0XCA29C   mov            x9, #-0x21c4                  x9:0xffffffffffffde3c!0xffffff8f1f2cae3c  
0XCA2A0   movk           x9, #0xe746, lsl #16          x9:0xffffffffe746de3c!0xffffff8f0673ae3c  
0XCA2A4   mov            x19, x0                       x19:0x70e0f63ac8  x0:0x70e0f63ac8  
0XCA2A8   ldr            x8, [x8, x9]                  x8:0x70c8b0a4f4!-0x18228b0c  
0XCA2AC   mov            x0, sp                        x0:0x70db5bd890  sp:0x70db5bd890  
0XCA2B0   add            x8, x8, x24                   x8:0x70e0df2210!0xbf210  x24:0x182e7d1c  
0XCA2B4   blr            x8                            

0XCA2B8   ldr            x8, [x22]                     x8:0x70f9ada9fc!0x18da79fc  
0XCA2BC   mov            x9, #-0x21bc                  x9:0xffffffffffffde44!0xffffff8f1f2cae44  
0XCA2C0   movk           x9, #0xe746, lsl #16          x9:0xffffffffe746de44!0xffffff8f0673ae44  
0XCA2C4   mov            x2, x0                        x2:0x71d1234eb0  x0:0x71d1234eb0  
0XCA2C8   ldr            x8, [x8, x9]                  x8:0x70c8b12130!-0x18220ed0  
0XCA2CC   mov            x4, x1                        x4:0x38  x1:0x38  
0XCA2D0   mov            w3, #1                        
0XCA2D4   mov            x0, x19                       x0:0x70e0f63ac8  x19:0x70e0f63ac8  
0XCA2D8   add            x8, x8, x24                   x8:0x70e0df9e4c!0xc6e4c  x24:0x182e7d1c  
0XCA2DC   mov            x1, x2                        x1:0x71d1234eb0  x2:0x71d1234eb0  
0XCA2E0   mov            x2, x4                        x2:0x38  x4:0x38  
0XCA2E4   blr            x8                            

0XCA2E8   ldr            x8, [x22]                     x8:0x70f9ada9fc!0x18da79fc  
0XCA2EC   mov            x9, #-0x21b4                  x9:0xffffffffffffde4c!0xffffff8f1f2cae4c  
0XCA2F0   movk           x9, #0xe746, lsl #16          x9:0xffffffffe746de4c!0xffffff8f0673ae4c  
0XCA2F4   sub            x0, x29, #0x50                x0:0x70db5bd8f0  fp:0x70db5bd940  
0XCA2F8   ldr            x8, [x8, x9]                  x8:0x70c8b5b6a0!-0x181d7960  
0XCA2FC   ldr            x9, [x22, #0x18]              x9:0x70f9af082c!0x18dbd82c  
0XCA300   add            x8, x8, x24                   x8:0x70e0e433bc!0x1103bc  x24:0x182e7d1c  
0XCA304   add            x1, x9, x20                   x1:0x70e0f5e5e0  x9:0x70f9af082c!0x18dbd82c  x20:0xffffffffe746ddb4  
0XCA308   blr            x8                            

0XCA30C   ldr            x8, [x22]                     x8:0x70f9ada9fc!0x18da79fc  
0XCA310   mov            x9, #-0x21ac                  x9:0xffffffffffffde54!0xffffff8f1f2cae54  
0XCA314   movk           x9, #0xe746, lsl #16          x9:0xffffffffe746de54!0xffffff8f0673ae54  
0XCA318   ldr            x8, [x8, x9]                  x8:0x70c8b7cf94!-0x181b606c  
0XCA31C   add            x8, x8, x24                   x8:0x70e0e64cb0!0x131cb0  x24:0x182e7d1c  
0XCA320   blr            x8                            

0XCA324   ldr            x8, [x22, #0x20]              x8:0x70f9ad3be4!0x18da0be4  
0XCA328   mov            x9, #-0x21a4                  x9:0xffffffffffffde5c!0xffffff8f1f2cae5c  
0XCA32C   movk           x9, #0xe746, lsl #16          x9:0xffffffffe746de5c!0xffffff8f0673ae5c  
0XCA330   str            x0, [x8, x20]                 x0:0x18d3f98ad3a  
0XCA334   ldr            x8, [x22]                     x8:0x70f9ada9fc!0x18da79fc  
0XCA338   sub            x0, x29, #0x50                x0:0x70db5bd8f0  fp:0x70db5bd940  
0XCA33C   ldr            x8, [x8, x9]                  x8:0x70c8b5b9bc!-0x181d7644  
0XCA340   add            x8, x8, x24                   x8:0x70e0e436d8!0x1106d8  x24:0x182e7d1c  
0XCA344   blr            x8                            

0XCA348   ldr            x8, [x23, #0x780]             x8:0x70f9ada9fc!0x18da79fc  
0XCA34C   mov            x9, #-0x219c                  x9:0xffffffffffffde64!0xffffff8f1f2cae64  
0XCA350   movk           x9, #0xe746, lsl #16          x9:0xffffffffe746de64!0xffffff8f0673ae64  
0XCA354   mov            x0, sp                        x0:0x70db5bd890  sp:0x70db5bd890  
0XCA358   ldr            x8, [x8, x9]                  x8:0x70c8ad3d90!-0x1825f270  
0XCA35C   mov            w9, #0x7d1c                   
0XCA360   movk           w9, #0x182e, lsl #16          
0XCA364   add            x8, x8, x9                    x8:0x70e0dbbaac!0x88aac  x9:0x182e7d1c!-0x70c8a4b2e4  
0XCA368   blr            x8                            

0XCA36C   mov            w20, #1                       
0XCA370   ldr            x8, [x23, #0x780]             x8:0x70f9ada9fc!0x18da79fc  
0XCA374   mov            x9, #-0x2194                  x9:0xffffffffffffde6c!0xffffff8f1f2cae6c  
0XCA378   movk           x9, #0xe746, lsl #16          x9:0xffffffffe746de6c!0xffffff8f0673ae6c  
0XCA37C   add            x0, sp, #0x18                 x0:0x70db5bd8a8  sp:0x70db5bd890  
0XCA380   ldr            x8, [x8, x9]                  x8:0x70c8b55dcc!-0x181dd234  
0XCA384   mov            w9, #0x7d1c                   
0XCA388   movk           w9, #0x182e, lsl #16          
0XCA38C   add            x8, x8, x9                    x8:0x70e0e3dae8!0x10aae8  x9:0x182e7d1c!-0x70c8a4b2e4  
0XCA390   blr            x8                            

0XCA394   ldr            x8, [x23, #0x780]             x8:0x70f9ada9fc!0x18da79fc  
0XCA398   mov            x9, #-0x219c                  x9:0xffffffffffffde64!0xffffff8f1f2cae64  
0XCA39C   movk           x9, #0xe746, lsl #16          x9:0xffffffffe746de64!0xffffff8f0673ae64  
0XCA3A0   add            x0, sp, #0x48                 x0:0x70db5bd8d8  sp:0x70db5bd890  
0XCA3A4   ldr            x8, [x8, x9]                  x8:0x70c8ad3d90!-0x1825f270  
0XCA3A8   mov            w9, #0x7d1c                   
0XCA3AC   movk           w9, #0x182e, lsl #16          
0XCA3B0   add            x8, x8, x9                    x8:0x70e0dbbaac!0x88aac  x9:0x182e7d1c!-0x70c8a4b2e4  
0XCA3B4   blr            x8                            

0XCA3B8   ldr            x8, [x21, #0x28]              x8:0x6f53e795ec7e63af!0x6f53e7250bab33af  
0XCA3BC   ldur           x9, [x29, #-8]                x9:0x6f53e795ec7e63af!0x6f53e7250bab33af  
0XCA3C0   cmp            x8, x9                        x8:0x6f53e795ec7e63af!0x6f53e7250bab33af  x9:0x6f53e795ec7e63af!0x6f53e7250bab33af  
0XCA3C4   b.ne           #0x70e0dfd3e8                 
0XCA3C8   mov            w0, w20                       
0XCA3CC   ldp            x20, x19, [sp, #0xf0]         x20:0x598aecb4  x19:0x70e0f41000  
0XCA3D0   ldp            x22, x21, [sp, #0xe0]         x22:0x786907c0  x21:0x598aec74  
0XCA3D4   ldp            x24, x23, [sp, #0xd0]         x24:0x8  x23:0x70e0f41000  
0XCA3D8   ldr            x25, [sp, #0xc0]              x25:0xffffffffa4b4ccf8  
0XCA3DC   ldp            x29, x30, [sp, #0xb0]         fp:0x70db5bd9f0  lr:0x743dd3060c  
0XCA3E0   add            sp, sp, #0x100                sp:0x70db5bd990  
