0X784E12A3A0!0XD93A0   stp            x22, x21, [sp, #0x40]         x22:0x7845a15938  x21:0x7845a16000  
0X784E12A3A4!0XD93A4   stp            x20, x19, [sp, #0x50]         x20:0x79f070faac  x19:0x7845a15920  
0X784E12A3A8!0XD93A8   mov            x29, sp                       fp:0x7845a15880  sp:0x7845a15880  
0X784E12A3AC!0XD93AC   sub            sp, sp, #0xca0                sp:0x7845a14be0  
0X784E12A3B0!0XD93B0   mrs            x8, tpidr_el0                 x8:0x7845a16000  
0X784E12A3B4!0XD93B4   str            x8, [sp, #0x10]               x8:0x7845a16000  
0X784E12A3B8!0XD93B8   ldr            x8, [x8, #0x28]               x8:0x603d38abd6ab3c7a  
0X784E12A3BC!0XD93BC   adrp           x25, #0x784e263000            x25:0x784e263000  
0X784E12A3C0!0XD93C0   add            x25, x25, #0x1b0              x25:0x784e2631b0  
0X784E12A3C4!0XD93C4   mov            x28, #-0x6728                 x28:0xffffffffffff98d8  
0X784E12A3C8!0XD93C8   stur           x8, [x29, #-0x10]             x8:0x603d38abd6ab3c7a  
0X784E12A3CC!0XD93CC   ldr            x8, [x25]                     x8:0x788e5c99f8  
0X784E12A3D0!0XD93D0   movk           x28, #0xbfc9, lsl #16         x28:0xffffffffbfc998d8  
0X784E12A3D4!0XD93D4   mov            x20, #-0x4e38                 x20:0xffffffffffffb1c8  
0X784E12A3D8!0XD93D8   movk           x20, #0xfa93, lsl #16         x20:0xfffffffffa93b1c8  
0X784E12A3DC!0XD93DC   ldr            x8, [x8, x28]                 x8:0x7853847ae8  
0X784E12A3E0!0XD93E0   mov            x27, x0                       x27:0x7845a15938  x0:0x7845a15938  
0X784E12A3E4!0XD93E4   add            x8, x8, x20                   x8:0x784e182cb0  x20:0xfffffffffa93b1c8  
0X784E12A3EC!0XD93EC   ldr            x8, [x25]                     x8:0x788e5c99f8  
0X784E12A3F0!0XD93F0   mov            x9, #-0x6720                  x9:0xffffffffffff98e0  
0X784E12A3F4!0XD93F4   movk           x9, #0xbfc9, lsl #16          x9:0xffffffffbfc998e0  
0X784E12A3F8!0XD93F8   str            x0, [sp, #8]                  x0:0x18d20f2eef1  
0X784E12A3FC!0XD93FC   ldr            x8, [x8, x9]                  x8:0x7bc8feadc8  
0X784E12A400!0XD9400   add            x8, x8, x20                   x8:0x7bc3925f90  x20:0xfffffffffa93b1c8  
0X784E12A408!0XD9408   ldr            x8, [x25]                     x8:0x788e5c99f8  
0X784E12A40C!0XD940C   mov            x9, #-0x6718                  x9:0xffffffffffff98e8  
0X784E12A410!0XD9410   str            w0, [sp, #0x8bc]              
0X784E12A414!0XD9414   movk           x9, #0xbfc9, lsl #16          x9:0xffffffffbfc998e8  
0X784E12A418!0XD9418   ldr            x8, [x8, x9]                  x8:0x7bc8f79cc4  
0X784E12A41C!0XD941C   add            x8, x8, x20                   x8:0x7bc38b4e8c  x20:0xfffffffffa93b1c8  
0X784E12A424!0XD9424   ldr            x8, [x25]                     x8:0x788e5c99f8  
0X784E12A428!0XD9428   mov            x9, #-0x6710                  x9:0xffffffffffff98f0  
0X784E12A42C!0XD942C   str            w0, [sp, #0x8b8]              
0X784E12A430!0XD9430   movk           x9, #0xbfc9, lsl #16          x9:0xffffffffbfc998f0  
0X784E12A434!0XD9434   ldr            x8, [x8, x9]                  x8:0x7bc8feaee8  
0X784E12A438!0XD9438   add            x8, x8, x20                   x8:0x7bc39260b0  x20:0xfffffffffa93b1c8  
0X784E12A440!0XD9440   ldr            x8, [x25]                     x8:0x788e5c99f8  
0X784E12A444!0XD9444   mov            x9, #-0x6708                  x9:0xffffffffffff98f8  
0X784E12A448!0XD9448   str            w0, [sp, #0x8b4]              
0X784E12A44C!0XD944C   movk           x9, #0xbfc9, lsl #16          x9:0xffffffffbfc998f8  
0X784E12A450!0XD9450   ldr            x8, [x8, x9]                  x8:0x78538f157c  
0X784E12A454!0XD9454   add            x8, x8, x20                   x8:0x784e22c744  x20:0xfffffffffa93b1c8  
0X784E12A45C!0XD945C   ldr            x8, [x25]                     x8:0x788e5c99f8  
0X784E12A460!0XD9460   mov            x9, #-0x6700                  x9:0xffffffffffff9900  
0X784E12A464!0XD9464   str            x0, [sp, #0x8a8]              x0:0x79d0720d50  
0X784E12A468!0XD9468   movk           x9, #0xbfc9, lsl #16          x9:0xffffffffbfc99900  
0X784E12A46C!0XD946C   ldr            x8, [x8, x9]                  x8:0x78538f329c  
0X784E12A470!0XD9470   add            x9, x8, x20                   x9:0x784e22e464  x8:0x78538f329c  x20:0xfffffffffa93b1c8  
0X784E12A474!0XD9474   add            x8, sp, #0x8a0                x8:0x7845a15480  sp:0x7845a14be0  
0X784E12A47C!0XD947C   ldr            x8, [x25]                     x8:0x788e5c99f8  
0X784E12A480!0XD9480   mov            x9, #-0x66f8                  x9:0xffffffffffff9908  
0X784E12A484!0XD9484   movk           x9, #0xbfc9, lsl #16          x9:0xffffffffbfc99908  
0X784E12A488!0XD9488   ldr            x0, [sp, #0x8a8]              x0:0x79d0720d50  
0X784E12A48C!0XD948C   ldr            x8, [x8, x9]                  x8:0x78538f17a8  
0X784E12A490!0XD9490   add            x8, x8, x20                   x8:0x784e22c970  x20:0xfffffffffa93b1c8  
0X784E12A498!0XD9498   ldr            x8, [x25]                     x8:0x788e5c99f8  
0X784E12A49C!0XD949C   mov            x19, #-0x66f0                 x19:0xffffffffffff9910  
0X784E12A4A0!0XD94A0   movk           x19, #0xbfc9, lsl #16         x19:0xffffffffbfc99910  
0X784E12A4A4!0XD94A4   add            x0, sp, #0x8a0                x0:0x7845a15480  sp:0x7845a14be0  
0X784E12A4A8!0XD94A8   ldr            x8, [x8, x19]                 x8:0x78537d2d18  
0X784E12A4AC!0XD94AC   add            x8, x8, x20                   x8:0x784e10dee0  x20:0xfffffffffa93b1c8  
0X784E12A4B4!0XD94B4   ldr            x8, [x25, #8]                 x8:0x788e5ca528  
0X784E12A4B8!0XD94B8   tst            w0, #1                        
0X784E12A4BC!0XD94BC   mov            w9, #0x518                    
0X784E12A4C0!0XD94C0   mov            w10, #0x5a8                   
0X784E12A4C4!0XD94C4   csel           x9, x10, x9, ne               x9:0x5a8  x10:0x5a8  
0X784E12A4C8!0XD94C8   add            x8, x8, x9                    x8:0x788e5caad0  x9:0x5a8  
0X784E12A4CC!0XD94CC   ldr            x8, [x8, x28]                 x8:0x7834da443c  
0X784E12A4D0!0XD94D0   mov            w9, #0x60ac                   
0X784E12A4D4!0XD94D4   movk           w9, #0x1938, lsl #16          
0X784E12A4D8!0XD94D8   adrp           x24, #0x784e263000            x24:0x784e263000  
0X784E12A4DC!0XD94DC   add            x8, x8, x9                    x8:0x784e12a4e8  x9:0x193860ac  
0X784E12A4E0!0XD94E0   str            x27, [sp, #0x18]              x27:0x7845a15938  
0X784E12A4E8!0XD94E8   ldr            x8, [x25]                     x8:0x788e5c99f8  
0X784E12A4EC!0XD94EC   mov            x9, #-0x66e8                  x9:0xffffffffffff9918  
0X784E12A4F0!0XD94F0   movk           x9, #0xbfc9, lsl #16          x9:0xffffffffbfc99918  
0X784E12A4F4!0XD94F4   ldr            x1, [sp, #0x8a8]              x1:0x79d0720d50  
0X784E12A4F8!0XD94F8   ldr            x8, [x8, x9]                  x8:0x78538f2ce8  
0X784E12A4FC!0XD94FC   add            x0, sp, #0x8a0                x0:0x7845a15480  sp:0x7845a14be0  
0X784E12A500!0XD9500   add            x9, x8, x20                   x9:0x784e22deb0  x8:0x78538f2ce8  x20:0xfffffffffa93b1c8  
0X784E12A504!0XD9504   add            x8, sp, #0x8c0                x8:0x7845a154a0  sp:0x7845a14be0  
0X784E12A50C!0XD950C   ldr            x8, [x25]                     x8:0x788e5c99f8  
0X784E12A510!0XD9510   add            x0, sp, #0x8c0                x0:0x7845a154a0  sp:0x7845a14be0  
0X784E12A514!0XD9514   ldr            x8, [x8, x19]                 x8:0x78537d2d18  
0X784E12A518!0XD9518   add            x8, x8, x20                   x8:0x784e10dee0  x20:0xfffffffffa93b1c8  
0X784E12A520!0XD9520   ldr            x8, [x25, #8]                 x8:0x788e5ca528  
0X784E12A524!0XD9524   tst            w0, #1                        
0X784E12A528!0XD9528   mov            w9, #0x28                     
0X784E12A52C!0XD952C   mov            w10, #0x2d8                   
0X784E12A530!0XD9530   csel           x9, x10, x9, ne               x9:0x2d8  x10:0x2d8  
0X784E12A534!0XD9534   add            x8, x8, x9                    x8:0x788e5ca800  x9:0x2d8  
0X784E12A538!0XD9538   ldr            x8, [x8, x28]                 x8:0x7834da44a0  
0X784E12A53C!0XD953C   mov            w9, #0x60ac                   
0X784E12A540!0XD9540   movk           w9, #0x1938, lsl #16          
0X784E12A544!0XD9544   add            x8, x8, x9                    x8:0x784e12a54c  x9:0x193860ac  
0X784E12A54C!0XD954C   ldr            x8, [x24, #0x1b0]             x8:0x788e5c99f8  
0X784E12A550!0XD9550   mov            x9, #-0x66e0                  x9:0xffffffffffff9920  
0X784E12A554!0XD9554   stur           x27, [x29, #-0xb0]            x27:0x7845a15938  
0X784E12A558!0XD9558   movk           x9, #0xbfc9, lsl #16          x9:0xffffffffbfc99920  
0X784E12A55C!0XD955C   ldr            x8, [x8, x9]                  x8:0x785380b82c  
0X784E12A560!0XD9560   ldr            x21, [sp, #0x8a8]             x21:0x79d0720d50  
0X784E12A564!0XD9564   mov            x19, #-0x4e38                 x19:0xffffffffffffb1c8  
0X784E12A568!0XD9568   movk           x19, #0xfa93, lsl #16         x19:0xfffffffffa93b1c8  
0X784E12A56C!0XD956C   add            x8, x8, x19                   x8:0x784e1469f4  x19:0xfffffffffa93b1c8  
0X784E12A570!0XD9570   add            x0, sp, #0x9e8                x0:0x7845a155c8  sp:0x7845a14be0  
0X784E12A578!0XD9578   ldr            x8, [x24, #0x1b0]             x8:0x788e5c99f8  
0X784E12A57C!0XD957C   mov            x9, #-0x66d8                  x9:0xffffffffffff9928  
0X784E12A580!0XD9580   movk           x9, #0xbfc9, lsl #16          x9:0xffffffffbfc99928  
0X784E12A584!0XD9584   mov            x3, x0                        x3:0x793071d230  x0:0x793071d230  
0X784E12A588!0XD9588   ldr            x8, [x8, x9]                  x8:0x785383440c  
0X784E12A58C!0XD958C   sub            x1, x29, #0xb0                x1:0x7845a157d0  fp:0x7845a15880  
0X784E12A590!0XD9590   add            x2, sp, #0x8c0                x2:0x7845a154a0  sp:0x7845a14be0  
0X784E12A594!0XD9594   mov            x0, x21                       x0:0x79d0720d50  x21:0x79d0720d50  
0X784E12A598!0XD9598   add            x8, x8, x19                   x8:0x784e16f5d4  x19:0xfffffffffa93b1c8  
0X784E12A5A0!0XD95A0   ldr            x8, [x24, #0x1b0]             x8:0x788e5c99f8  
0X784E12A5A4!0XD95A4   mov            x9, #-0x66d0                  x9:0xffffffffffff9930  
0X784E12A5A8!0XD95A8   stur           x27, [x29, #-0xb0]            x27:0x7845a15938  
0X784E12A5AC!0XD95AC   movk           x9, #0xbfc9, lsl #16          x9:0xffffffffbfc99930  
0X784E12A5B0!0XD95B0   ldr            x8, [x8, x9]                  x8:0x785380b918  
0X784E12A5B4!0XD95B4   ldr            x21, [sp, #0x8a8]             x21:0x79d0720d50  
0X784E12A5B8!0XD95B8   add            x0, sp, #0x9e8                x0:0x7845a155c8  sp:0x7845a14be0  
0X784E12A5BC!0XD95BC   add            x8, x8, x19                   x8:0x784e146ae0  x19:0xfffffffffa93b1c8  
0X784E12A5C4!0XD95C4   ldr            x8, [x24, #0x1b0]             x8:0x788e5c99f8  
0X784E12A5C8!0XD95C8   mov            x9, #-0x66c8                  x9:0xffffffffffff9938  
0X784E12A5CC!0XD95CC   movk           x9, #0xbfc9, lsl #16          x9:0xffffffffbfc99938  
0X784E12A5D0!0XD95D0   mov            x3, x0                        x3:0x7930802e50  x0:0x7930802e50  
0X784E12A5D4!0XD95D4   ldr            x8, [x8, x9]                  x8:0x7853834634  
0X784E12A5D8!0XD95D8   sub            x1, x29, #0xb0                x1:0x7845a157d0  fp:0x7845a15880  
0X784E12A5DC!0XD95DC   add            x2, sp, #0x8c0                x2:0x7845a154a0  sp:0x7845a14be0  
0X784E12A5E0!0XD95E0   mov            x0, x21                       x0:0x79d0720d50  x21:0x79d0720d50  
0X784E12A5E4!0XD95E4   add            x8, x8, x19                   x8:0x784e16f7fc  x19:0xfffffffffa93b1c8  
0X784E12A5EC!0XD95EC   ldr            x8, [x24, #0x1b0]             x8:0x788e5c99f8  
0X784E12A5F0!0XD95F0   mov            x9, #-0x66c0                  x9:0xffffffffffff9940  
0X784E12A5F4!0XD95F4   stur           x27, [x29, #-0xb0]            x27:0x7845a15938  
0X784E12A5F8!0XD95F8   movk           x9, #0xbfc9, lsl #16          x9:0xffffffffbfc99940  
0X784E12A5FC!0XD95FC   ldr            x8, [x8, x9]                  x8:0x785380ba04  
0X784E12A600!0XD9600   ldr            x21, [sp, #0x8a8]             x21:0x79d0720d50  
0X784E12A604!0XD9604   add            x0, sp, #0x9e8                x0:0x7845a155c8  sp:0x7845a14be0  
0X784E12A608!0XD9608   add            x8, x8, x19                   x8:0x784e146bcc  x19:0xfffffffffa93b1c8  
0X784E12A610!0XD9610   ldr            x8, [x24, #0x1b0]             x8:0x788e5c99f8  
0X784E12A614!0XD9614   mov            x9, #-0x66b8                  x9:0xffffffffffff9948  
0X784E12A618!0XD9618   movk           x9, #0xbfc9, lsl #16          x9:0xffffffffbfc99948  
0X784E12A61C!0XD961C   mov            x3, x0                        x3:0x79307ecb30  x0:0x79307ecb30  
0X784E12A620!0XD9620   ldr            x8, [x8, x9]                  x8:0x785383485c  
0X784E12A624!0XD9624   sub            x1, x29, #0xb0                x1:0x7845a157d0  fp:0x7845a15880  
0X784E12A628!0XD9628   add            x2, sp, #0x8c0                x2:0x7845a154a0  sp:0x7845a14be0  
0X784E12A62C!0XD962C   mov            x0, x21                       x0:0x79d0720d50  x21:0x79d0720d50  
0X784E12A630!0XD9630   add            x8, x8, x19                   x8:0x784e16fa24  x19:0xfffffffffa93b1c8  
0X784E12A638!0XD9638   ldr            x8, [x24, #0x1b0]             x8:0x788e5c99f8  
0X784E12A63C!0XD963C   mov            x9, #-0x66b0                  x9:0xffffffffffff9950  
0X784E12A640!0XD9640   stur           x27, [x29, #-0xb0]            x27:0x7845a15938  
0X784E12A644!0XD9644   movk           x9, #0xbfc9, lsl #16          x9:0xffffffffbfc99950  
0X784E12A648!0XD9648   ldr            x8, [x8, x9]                  x8:0x785380baf0  
0X784E12A64C!0XD964C   ldr            x21, [sp, #0x8a8]             x21:0x79d0720d50  
0X784E12A650!0XD9650   add            x0, sp, #0x9e8                x0:0x7845a155c8  sp:0x7845a14be0  
0X784E12A654!0XD9654   add            x8, x8, x19                   x8:0x784e146cb8  x19:0xfffffffffa93b1c8  
0X784E12A65C!0XD965C   ldr            x8, [x24, #0x1b0]             x8:0x788e5c99f8  
0X784E12A660!0XD9660   mov            x9, #-0x66a8                  x9:0xffffffffffff9958  
0X784E12A664!0XD9664   movk           x9, #0xbfc9, lsl #16          x9:0xffffffffbfc99958  
0X784E12A668!0XD9668   mov            x3, x0                        x3:0x793082ec50  x0:0x793082ec50  
0X784E12A66C!0XD966C   ldr            x8, [x8, x9]                  x8:0x7853834a84  
0X784E12A670!0XD9670   sub            x1, x29, #0xb0                x1:0x7845a157d0  fp:0x7845a15880  
0X784E12A674!0XD9674   add            x2, sp, #0x8c0                x2:0x7845a154a0  sp:0x7845a14be0  
0X784E12A678!0XD9678   mov            x0, x21                       x0:0x79d0720d50  x21:0x79d0720d50  
0X784E12A67C!0XD967C   add            x8, x8, x19                   x8:0x784e16fc4c  x19:0xfffffffffa93b1c8  
0X784E12A684!0XD9684   ldr            x8, [x24, #0x1b0]             x8:0x788e5c99f8  
0X784E12A688!0XD9688   mov            x9, #-0x66a0                  x9:0xffffffffffff9960  
0X784E12A68C!0XD968C   stur           x27, [x29, #-0xb0]            x27:0x7845a15938  
0X784E12A690!0XD9690   movk           x9, #0xbfc9, lsl #16          x9:0xffffffffbfc99960  
0X784E12A694!0XD9694   ldr            x8, [x8, x9]                  x8:0x785380bbdc  
0X784E12A698!0XD9698   ldr            x21, [sp, #0x8a8]             x21:0x79d0720d50  
0X784E12A69C!0XD969C   add            x0, sp, #0x9e8                x0:0x7845a155c8  sp:0x7845a14be0  
0X784E12A6A0!0XD96A0   add            x8, x8, x19                   x8:0x784e146da4  x19:0xfffffffffa93b1c8  
0X784E12A6A8!0XD96A8   ldr            x8, [x24, #0x1b0]             x8:0x788e5c99f8  
0X784E12A6AC!0XD96AC   mov            x9, #-0x6698                  x9:0xffffffffffff9968  
0X784E12A6B0!0XD96B0   movk           x9, #0xbfc9, lsl #16          x9:0xffffffffbfc99968  
0X784E12A6B4!0XD96B4   mov            x3, x0                        x3:0x7920760ad0  x0:0x7920760ad0  
0X784E12A6B8!0XD96B8   ldr            x8, [x8, x9]                  x8:0x7853834c5c  
0X784E12A6BC!0XD96BC   sub            x1, x29, #0xb0                x1:0x7845a157d0  fp:0x7845a15880  
0X784E12A6C0!0XD96C0   add            x2, sp, #0x8c0                x2:0x7845a154a0  sp:0x7845a14be0  
0X784E12A6C4!0XD96C4   mov            x0, x21                       x0:0x79d0720d50  x21:0x79d0720d50  
0X784E12A6C8!0XD96C8   add            x8, x8, x19                   x8:0x784e16fe24  x19:0xfffffffffa93b1c8  
0X784E12A6D0!0XD96D0   ldr            x8, [x25]                     x8:0x788e5c99f8  
0X784E12A6D4!0XD96D4   mov            x9, #-0x6690                  x9:0xffffffffffff9970  
0X784E12A6D8!0XD96D8   movk           x9, #0xbfc9, lsl #16          x9:0xffffffffbfc99970  
0X784E12A6DC!0XD96DC   ldr            x21, [sp, #0x8a8]             x21:0x79d0720d50  
0X784E12A6E0!0XD96E0   ldr            x8, [x8, x9]                  x8:0x785380bcd0  
0X784E12A6E4!0XD96E4   mov            x19, #-0x4e38                 x19:0xffffffffffffb1c8  
0X784E12A6E8!0XD96E8   movk           x19, #0xfa93, lsl #16         x19:0xfffffffffa93b1c8  
0X784E12A6EC!0XD96EC   add            x0, sp, #0x9e8                x0:0x7845a155c8  sp:0x7845a14be0  
0X784E12A6F0!0XD96F0   add            x8, x8, x19                   x8:0x784e146e98  x19:0xfffffffffa93b1c8  
0X784E12A6F8!0XD96F8   ldr            x8, [x25]                     x8:0x788e5c99f8  
0X784E12A6FC!0XD96FC   mov            x9, #-0x6688                  x9:0xffffffffffff9978  
0X784E12A700!0XD9700   movk           x9, #0xbfc9, lsl #16          x9:0xffffffffbfc99978  
0X784E12A704!0XD9704   mov            x1, x0                        x1:0x7940773f90  x0:0x7940773f90  
0X784E12A708!0XD9708   ldr            x8, [x8, x9]                  x8:0x78538f18f8  
0X784E12A70C!0XD970C   mov            x0, x21                       x0:0x79d0720d50  x21:0x79d0720d50  
0X784E12A710!0XD9710   add            x9, x8, x19                   x9:0x784e22cac0  x8:0x78538f18f8  x19:0xfffffffffa93b1c8  
0X784E12A714!0XD9714   sub            x8, x29, #0xb0                x8:0x7845a157d0  fp:0x7845a15880  
0X784E12A71C!0XD971C   ldr            x8, [x25]                     x8:0x788e5c99f8  
0X784E12A720!0XD9720   mov            x9, #-0x6680                  x9:0xffffffffffff9980  
0X784E12A724!0XD9724   movk           x9, #0xbfc9, lsl #16          x9:0xffffffffbfc99980  
0X784E12A728!0XD9728   ldr            w3, [sp, #0x8b8]              
0X784E12A72C!0XD972C   ldr            x8, [x8, x9]                  x8:0x78538f2e1c  
0X784E12A730!0XD9730   ldr            w4, [sp, #0x8bc]              
0X784E12A734!0XD9734   add            x0, sp, #0x8a0                x0:0x7845a15480  sp:0x7845a14be0  
0X784E12A738!0XD9738   sub            x2, x29, #0xb0                x2:0x7845a157d0  fp:0x7845a15880  
0X784E12A73C!0XD973C   add            x8, x8, x19                   x8:0x784e22dfe4  x19:0xfffffffffa93b1c8  
0X784E12A740!0XD9740   mov            x1, x21                       x1:0x79d0720d50  x21:0x79d0720d50  
0X784E12A748!0XD9748   ldr            x8, [x25]                     x8:0x788e5c99f8  
0X784E12A74C!0XD974C   mov            x9, #-0x6678                  x9:0xffffffffffff9988  
0X784E12A750!0XD9750   movk           x9, #0xbfc9, lsl #16          x9:0xffffffffbfc99988  
0X784E12A754!0XD9754   cmp            w0, #0                        
0X784E12A758!0XD9758   ldr            x8, [x8, x9]                  x8:0x78537d4220  
0X784E12A75C!0XD975C   sub            x0, x29, #0xb0                x0:0x7845a157d0  fp:0x7845a15880  
0X784E12A760!0XD9760   cset           w20, eq                       
0X784E12A764!0XD9764   add            x8, x8, x19                   x8:0x784e10f3e8  x19:0xfffffffffa93b1c8  
0X784E12A76C!0XD976C   ldr            x8, [x25]                     x8:0x788e5c99f8  
0X784E12A770!0XD9770   mov            x26, #-0x66f8                 x26:0xffffffffffff9908  
0X784E12A774!0XD9774   str            w20, [sp, #0xad0]             
0X784E12A778!0XD9778   movk           x26, #0xbfc9, lsl #16         x26:0xffffffffbfc99908  
0X784E12A77C!0XD977C   ldr            x8, [x8, x26]                 x8:0x78538f17a8  
0X784E12A780!0XD9780   ldr            x0, [sp, #0x8a8]              x0:0x79d0720d50  
0X784E12A784!0XD9784   add            x8, x8, x19                   x8:0x784e22c970  x19:0xfffffffffa93b1c8  
0X784E12A78C!0XD978C   ldr            x8, [x25, #8]                 x8:0x788e5ca528  
0X784E12A790!0XD9790   tst            w0, #1                        
0X784E12A794!0XD9794   mov            w9, #0x680                    
0X784E12A798!0XD9798   mov            w10, #0x370                   
0X784E12A79C!0XD979C   csel           x9, x10, x9, ne               x9:0x680  x10:0x370  
0X784E12A7A0!0XD97A0   mov            x27, #-0x6728                 x27:0xffffffffffff98d8  
0X784E12A7A4!0XD97A4   add            x8, x8, x9                    x8:0x788e5caba8  x9:0x680  
0X784E12A7A8!0XD97A8   movk           x27, #0xbfc9, lsl #16         x27:0xffffffffbfc998d8  
0X784E12A7AC!0XD97AC   ldr            x8, [x8, x27]                 x8:0x7834da4718  
0X784E12A7B0!0XD97B0   mov            w9, #0x60ac                   
0X784E12A7B4!0XD97B4   movk           w9, #0x1938, lsl #16          
0X784E12A7B8!0XD97B8   add            x8, x8, x9                    x8:0x784e12a7c4  x9:0x193860ac  
0X784E12A7C4!0XD97C4   ldr            x8, [x25]                     x8:0x788e5c99f8  
0X784E12A7C8!0XD97C8   mov            x28, #-0x6670                 x28:0xffffffffffff9990  
0X784E12A7CC!0XD97CC   movk           x28, #0xbfc9, lsl #16         x28:0xffffffffbfc99990  
0X784E12A7D0!0XD97D0   add            x0, sp, #0x890                x0:0x7845a15470  sp:0x7845a14be0  
0X784E12A7D4!0XD97D4   ldr            x8, [x8, x28]                 x8:0x785382d550  
0X784E12A7D8!0XD97D8   add            x1, sp, #0xad0                x1:0x7845a156b0  sp:0x7845a14be0  
0X784E12A7DC!0XD97DC   add            x8, x8, x19                   x8:0x784e168718  x19:0xfffffffffa93b1c8  
0X784E12A7E4!0XD97E4   ldr            x8, [x25]                     x8:0x788e5c99f8  
0X784E12A7E8!0XD97E8   mov            x9, #-0x6668                  x9:0xffffffffffff9998  
0X784E12A7EC!0XD97EC   movk           x9, #0xbfc9, lsl #16          x9:0xffffffffbfc99998  
0X784E12A7F0!0XD97F0   sub            x0, x29, #0xb0                x0:0x7845a157d0  fp:0x7845a15880  
0X784E12A7F4!0XD97F4   ldr            x8, [x8, x9]                  x8:0x785380bdc4  
0X784E12A7F8!0XD97F8   add            x8, x8, x19                   x8:0x784e146f8c  x19:0xfffffffffa93b1c8  
0X784E12A800!0XD9800   ldr            x8, [x25]                     x8:0x788e5c99f8  
0X784E12A804!0XD9804   mov            x20, #-0x6660                 x20:0xffffffffffff99a0  
0X784E12A808!0XD9808   movk           x20, #0xbfc9, lsl #16         x20:0xffffffffbfc999a0  
0X784E12A80C!0XD980C   mov            x1, x0                        x1:0x792076ba50  x0:0x792076ba50  
0X784E12A810!0XD9810   ldr            x8, [x8, x20]                 x8:0x7853825c88  
0X784E12A814!0XD9814   ldr            x0, [sp, #0x18]               x0:0x7845a15938  
0X784E12A818!0XD9818   add            x8, x8, x19                   x8:0x784e160e50  x19:0xfffffffffa93b1c8  
0X784E12A820!0XD9820   ldr            x8, [x25]                     x8:0x788e5c99f8  
0X784E12A824!0XD9824   mov            x22, #-0x6658                 x22:0xffffffffffff99a8  
0X784E12A828!0XD9828   movk           x22, #0xbfc9, lsl #16         x22:0xffffffffbfc999a8  
0X784E12A82C!0XD982C   add            x1, sp, #0x890                x1:0x7845a15470  sp:0x7845a14be0  
0X784E12A830!0XD9830   ldr            x8, [x8, x22]                 x8:0x7853826378  
0X784E12A834!0XD9834   add            x8, x8, x19                   x8:0x784e161540  x19:0xfffffffffa93b1c8  
0X784E12A83C!0XD983C   ldr            x8, [x25]                     x8:0x788e5c99f8  
0X784E12A840!0XD9840   mov            x23, #-0x6650                 x23:0xffffffffffff99b0  
0X784E12A844!0XD9844   movk           x23, #0xbfc9, lsl #16         x23:0xffffffffbfc999b0  
0X784E12A848!0XD9848   add            x0, sp, #0x890                x0:0x7845a15470  sp:0x7845a14be0  
0X784E12A84C!0XD984C   ldr            x8, [x8, x23]                 x8:0x7853820920  
0X784E12A850!0XD9850   add            x8, x8, x19                   x8:0x784e15bae8  x19:0xfffffffffa93b1c8  
0X784E12A858!0XD9858   ldr            x8, [x25]                     x8:0x788e5c99f8  
0X784E12A85C!0XD985C   mov            x9, #-0x6648                  x9:0xffffffffffff99b8  
0X784E12A860!0XD9860   movk           x9, #0xbfc9, lsl #16          x9:0xffffffffbfc999b8  
0X784E12A864!0XD9864   ldr            x21, [sp, #0x8a8]             x21:0x79d0720d50  
0X784E12A868!0XD9868   ldr            x8, [x8, x9]                  x8:0x785380bea4  
0X784E12A86C!0XD986C   add            x0, sp, #0x9e8                x0:0x7845a155c8  sp:0x7845a14be0  
0X784E12A870!0XD9870   add            x8, x8, x19                   x8:0x784e14706c  x19:0xfffffffffa93b1c8  
0X784E12A878!0XD9878   ldr            x8, [x25]                     x8:0x788e5c99f8  
0X784E12A87C!0XD987C   mov            x9, #-0x6688                  x9:0xffffffffffff9978  
0X784E12A880!0XD9880   movk           x9, #0xbfc9, lsl #16          x9:0xffffffffbfc99978  
0X784E12A884!0XD9884   mov            x1, x0                        x1:0x79408c6410  x0:0x79408c6410  
0X784E12A888!0XD9888   ldr            x8, [x8, x9]                  x8:0x78538f18f8  
0X784E12A88C!0XD988C   mov            x0, x21                       x0:0x79d0720d50  x21:0x79d0720d50  
0X784E12A890!0XD9890   add            x9, x8, x19                   x9:0x784e22cac0  x8:0x78538f18f8  x19:0xfffffffffa93b1c8  
0X784E12A894!0XD9894   sub            x8, x29, #0xb0                x8:0x7845a157d0  fp:0x7845a15880  
0X784E12A89C!0XD989C   ldr            x8, [x25]                     x8:0x788e5c99f8  
0X784E12A8A0!0XD98A0   mov            x9, #-0x6680                  x9:0xffffffffffff9980  
0X784E12A8A4!0XD98A4   movk           x9, #0xbfc9, lsl #16          x9:0xffffffffbfc99980  
0X784E12A8A8!0XD98A8   ldr            w3, [sp, #0x8b8]              
0X784E12A8AC!0XD98AC   ldr            x8, [x8, x9]                  x8:0x78538f2e1c  
0X784E12A8B0!0XD98B0   ldr            w4, [sp, #0x8bc]              
0X784E12A8B4!0XD98B4   add            x0, sp, #0x8a0                x0:0x7845a15480  sp:0x7845a14be0  
0X784E12A8B8!0XD98B8   sub            x2, x29, #0xb0                x2:0x7845a157d0  fp:0x7845a15880  
0X784E12A8BC!0XD98BC   add            x8, x8, x19                   x8:0x784e22dfe4  x19:0xfffffffffa93b1c8  
0X784E12A8C0!0XD98C0   mov            x1, x21                       x1:0x79d0720d50  x21:0x79d0720d50  
0X784E12A8C8!0XD98C8   ldr            x8, [x25]                     x8:0x788e5c99f8  
0X784E12A8CC!0XD98CC   mov            x9, #-0x6678                  x9:0xffffffffffff9988  
0X784E12A8D0!0XD98D0   movk           x9, #0xbfc9, lsl #16          x9:0xffffffffbfc99988  
0X784E12A8D4!0XD98D4   cmp            w0, #0                        
0X784E12A8D8!0XD98D8   ldr            x8, [x8, x9]                  x8:0x78537d4220  
0X784E12A8DC!0XD98DC   sub            x0, x29, #0xb0                x0:0x7845a157d0  fp:0x7845a15880  
0X784E12A8E0!0XD98E0   cset           w21, eq                       
0X784E12A8E4!0XD98E4   add            x8, x8, x19                   x8:0x784e10f3e8  x19:0xfffffffffa93b1c8  
0X784E12A8EC!0XD98EC   ldr            x8, [x25]                     x8:0x788e5c99f8  
0X784E12A8F0!0XD98F0   str            w21, [sp, #0xab0]             
0X784E12A8F4!0XD98F4   ldr            x0, [sp, #0x8a8]              x0:0x79d0720d50  
0X784E12A8F8!0XD98F8   ldr            x8, [x8, x26]                 x8:0x78538f17a8  
0X784E12A8FC!0XD98FC   add            x8, x8, x19                   x8:0x784e22c970  x19:0xfffffffffa93b1c8  
0X784E12A904!0XD9904   ldr            x8, [x25, #8]                 x8:0x788e5ca528  
0X784E12A908!0XD9908   tst            w0, #1                        
0X784E12A90C!0XD990C   mov            w9, #0xa8                     
0X784E12A910!0XD9910   mov            w10, #0x5c8                   
0X784E12A914!0XD9914   csel           x9, x10, x9, ne               x9:0xa8  x10:0x5c8  
0X784E12A918!0XD9918   add            x8, x8, x9                    x8:0x788e5ca5d0  x9:0xa8  
0X784E12A91C!0XD991C   ldr            x8, [x8, x27]                 x8:0x7834da4888  
0X784E12A920!0XD9920   mov            w9, #0x60ac                   
0X784E12A924!0XD9924   movk           w9, #0x1938, lsl #16          
0X784E12A928!0XD9928   add            x8, x8, x9                    x8:0x784e12a934  x9:0x193860ac  
0X784E12A934!0XD9934   ldr            x8, [x25]                     x8:0x788e5c99f8  
0X784E12A938!0XD9938   mov            x19, #-0x4e38                 x19:0xffffffffffffb1c8  
0X784E12A93C!0XD993C   movk           x19, #0xfa93, lsl #16         x19:0xfffffffffa93b1c8  
0X784E12A940!0XD9940   add            x0, sp, #0x880                x0:0x7845a15460  sp:0x7845a14be0  
0X784E12A944!0XD9944   ldr            x8, [x8, x28]                 x8:0x785382d550  
0X784E12A948!0XD9948   add            x1, sp, #0xab0                x1:0x7845a15690  sp:0x7845a14be0  
0X784E12A94C!0XD994C   add            x8, x8, x19                   x8:0x784e168718  x19:0xfffffffffa93b1c8  
0X784E12A954!0XD9954   ldr            x8, [x25]                     x8:0x788e5c99f8  
0X784E12A958!0XD9958   mov            x9, #-0x6640                  x9:0xffffffffffff99c0  
0X784E12A95C!0XD995C   movk           x9, #0xbfc9, lsl #16          x9:0xffffffffbfc999c0  
0X784E12A960!0XD9960   sub            x0, x29, #0xb0                x0:0x7845a157d0  fp:0x7845a15880  
0X784E12A964!0XD9964   ldr            x8, [x8, x9]                  x8:0x785380bf90  
0X784E12A968!0XD9968   add            x8, x8, x19                   x8:0x784e147158  x19:0xfffffffffa93b1c8  
0X784E12A970!0XD9970   ldr            x8, [x25]                     x8:0x788e5c99f8  
0X784E12A974!0XD9974   ldr            x27, [sp, #0x18]              x27:0x7845a15938  
0X784E12A978!0XD9978   mov            x1, x0                        x1:0x7920768150  x0:0x7920768150  
0X784E12A97C!0XD997C   ldr            x8, [x8, x20]                 x8:0x7853825c88  
0X784E12A980!0XD9980   mov            x0, x27                       x0:0x7845a15938  x27:0x7845a15938  
0X784E12A984!0XD9984   add            x8, x8, x19                   x8:0x784e160e50  x19:0xfffffffffa93b1c8  
0X784E12A98C!0XD998C   ldr            x8, [x25]                     x8:0x788e5c99f8  
0X784E12A990!0XD9990   add            x1, sp, #0x880                x1:0x7845a15460  sp:0x7845a14be0  
0X784E12A994!0XD9994   ldr            x8, [x8, x22]                 x8:0x7853826378  
0X784E12A998!0XD9998   add            x8, x8, x19                   x8:0x784e161540  x19:0xfffffffffa93b1c8  
0X784E12A9A0!0XD99A0   ldr            x8, [x25]                     x8:0x788e5c99f8  
0X784E12A9A4!0XD99A4   add            x0, sp, #0x880                x0:0x7845a15460  sp:0x7845a14be0  
0X784E12A9A8!0XD99A8   ldr            x8, [x8, x23]                 x8:0x7853820920  
0X784E12A9AC!0XD99AC   add            x8, x8, x19                   x8:0x784e15bae8  x19:0xfffffffffa93b1c8  
0X784E12A9B4!0XD99B4   ldr            x8, [x25]                     x8:0x788e5c99f8  
0X784E12A9B8!0XD99B8   mov            x9, #-0x6638                  x9:0xffffffffffff99c8  
0X784E12A9BC!0XD99BC   movk           x9, #0xbfc9, lsl #16          x9:0xffffffffbfc999c8  
0X784E12A9C0!0XD99C0   ldr            x21, [sp, #0x8a8]             x21:0x79d0720d50  
0X784E12A9C4!0XD99C4   ldr            x8, [x8, x9]                  x8:0x785380c070  
0X784E12A9C8!0XD99C8   add            x0, sp, #0x9e8                x0:0x7845a155c8  sp:0x7845a14be0  
0X784E12A9CC!0XD99CC   add            x8, x8, x19                   x8:0x784e147238  x19:0xfffffffffa93b1c8  
0X784E12A9D4!0XD99D4   ldr            x8, [x25]                     x8:0x788e5c99f8  
0X784E12A9D8!0XD99D8   mov            x9, #-0x6688                  x9:0xffffffffffff9978  
0X784E12A9DC!0XD99DC   movk           x9, #0xbfc9, lsl #16          x9:0xffffffffbfc99978  
0X784E12A9E0!0XD99E0   mov            x1, x0                        x1:0x79408e61d0  x0:0x79408e61d0  
0X784E12A9E4!0XD99E4   ldr            x8, [x8, x9]                  x8:0x78538f18f8  
0X784E12A9E8!0XD99E8   mov            x0, x21                       x0:0x79d0720d50  x21:0x79d0720d50  
0X784E12A9EC!0XD99EC   add            x9, x8, x19                   x9:0x784e22cac0  x8:0x78538f18f8  x19:0xfffffffffa93b1c8  
0X784E12A9F0!0XD99F0   sub            x8, x29, #0xb0                x8:0x7845a157d0  fp:0x7845a15880  
0X784E12A9F8!0XD99F8   ldr            x8, [x25]                     x8:0x788e5c99f8  
0X784E12A9FC!0XD99FC   mov            x9, #-0x6680                  x9:0xffffffffffff9980  
0X784E12AA00!0XD9A00   movk           x9, #0xbfc9, lsl #16          x9:0xffffffffbfc99980  
0X784E12AA04!0XD9A04   ldr            w3, [sp, #0x8b8]              
0X784E12AA08!0XD9A08   ldr            x8, [x8, x9]                  x8:0x78538f2e1c  
0X784E12AA0C!0XD9A0C   ldr            w4, [sp, #0x8bc]              
0X784E12AA10!0XD9A10   add            x0, sp, #0x8a0                x0:0x7845a15480  sp:0x7845a14be0  
0X784E12AA14!0XD9A14   sub            x2, x29, #0xb0                x2:0x7845a157d0  fp:0x7845a15880  
0X784E12AA18!0XD9A18   add            x8, x8, x19                   x8:0x784e22dfe4  x19:0xfffffffffa93b1c8  
0X784E12AA1C!0XD9A1C   mov            x1, x21                       x1:0x79d0720d50  x21:0x79d0720d50  
0X784E12AA24!0XD9A24   ldr            x8, [x25]                     x8:0x788e5c99f8  
0X784E12AA28!0XD9A28   mov            x9, #-0x6678                  x9:0xffffffffffff9988  
0X784E12AA2C!0XD9A2C   movk           x9, #0xbfc9, lsl #16          x9:0xffffffffbfc99988  
0X784E12AA30!0XD9A30   cmp            w0, #0                        
0X784E12AA34!0XD9A34   ldr            x8, [x8, x9]                  x8:0x78537d4220  
0X784E12AA38!0XD9A38   sub            x0, x29, #0xb0                x0:0x7845a157d0  fp:0x7845a15880  
0X784E12AA3C!0XD9A3C   cset           w20, eq                       
0X784E12AA40!0XD9A40   add            x8, x8, x19                   x8:0x784e10f3e8  x19:0xfffffffffa93b1c8  
0X784E12AA48!0XD9A48   ldr            x8, [x25]                     x8:0x788e5c99f8  
0X784E12AA4C!0XD9A4C   mov            x9, #-0x66f8                  x9:0xffffffffffff9908  
0X784E12AA50!0XD9A50   str            w20, [sp, #0xa90]             
0X784E12AA54!0XD9A54   movk           x9, #0xbfc9, lsl #16          x9:0xffffffffbfc99908  
0X784E12AA58!0XD9A58   ldr            x8, [x8, x9]                  x8:0x78538f17a8  
0X784E12AA5C!0XD9A5C   ldr            x0, [sp, #0x8a8]              x0:0x79d0720d50  
0X784E12AA60!0XD9A60   add            x8, x8, x19                   x8:0x784e22c970  x19:0xfffffffffa93b1c8  
0X784E12AA68!0XD9A68   ldr            x8, [x25, #8]                 x8:0x788e5ca528  
0X784E12AA6C!0XD9A6C   tst            w0, #1                        
0X784E12AA70!0XD9A70   mov            w9, #0x3a0                    
0X784E12AA74!0XD9A74   mov            w10, #0x88                    
0X784E12AA78!0XD9A78   csel           x9, x10, x9, ne               x9:0x3a0  x10:0x88  
0X784E12AA7C!0XD9A7C   mov            x20, #-0x6728                 x20:0xffffffffffff98d8  
0X784E12AA80!0XD9A80   add            x8, x8, x9                    x8:0x788e5ca8c8  x9:0x3a0  
0X784E12AA84!0XD9A84   movk           x20, #0xbfc9, lsl #16         x20:0xffffffffbfc998d8  
0X784E12AA88!0XD9A88   ldr            x8, [x8, x20]                 x8:0x7834da49f4  
0X784E12AA8C!0XD9A8C   mov            w9, #0x60ac                   
0X784E12AA90!0XD9A90   movk           w9, #0x1938, lsl #16          
0X784E12AA94!0XD9A94   add            x8, x8, x9                    x8:0x784e12aaa0  x9:0x193860ac  
0X784E12AAA0!0XD9AA0   ldr            x8, [x25]                     x8:0x788e5c99f8  
0X784E12AAA4!0XD9AA4   mov            x9, #-0x6670                  x9:0xffffffffffff9990  
0X784E12AAA8!0XD9AA8   movk           x9, #0xbfc9, lsl #16          x9:0xffffffffbfc99990  
0X784E12AAAC!0XD9AAC   add            x0, sp, #0x870                x0:0x7845a15450  sp:0x7845a14be0  
0X784E12AAB0!0XD9AB0   ldr            x8, [x8, x9]                  x8:0x785382d550  
0X784E12AAB4!0XD9AB4   add            x1, sp, #0xa90                x1:0x7845a15670  sp:0x7845a14be0  
0X784E12AAB8!0XD9AB8   add            x8, x8, x19                   x8:0x784e168718  x19:0xfffffffffa93b1c8  
0X784E12AAC0!0XD9AC0   ldr            x8, [x25]                     x8:0x788e5c99f8  
0X784E12AAC4!0XD9AC4   mov            x9, #-0x6630                  x9:0xffffffffffff99d0  
0X784E12AAC8!0XD9AC8   movk           x9, #0xbfc9, lsl #16          x9:0xffffffffbfc999d0  
0X784E12AACC!0XD9ACC   sub            x0, x29, #0xb0                x0:0x7845a157d0  fp:0x7845a15880  
0X784E12AAD0!0XD9AD0   ldr            x8, [x8, x9]                  x8:0x785380c164  
0X784E12AAD4!0XD9AD4   add            x8, x8, x19                   x8:0x784e14732c  x19:0xfffffffffa93b1c8  
0X784E12AADC!0XD9ADC   ldr            x8, [x25]                     x8:0x788e5c99f8  
0X784E12AAE0!0XD9AE0   mov            x9, #-0x6660                  x9:0xffffffffffff99a0  
0X784E12AAE4!0XD9AE4   movk           x9, #0xbfc9, lsl #16          x9:0xffffffffbfc999a0  
0X784E12AAE8!0XD9AE8   mov            x1, x0                        x1:0x792075f2f0  x0:0x792075f2f0  
0X784E12AAEC!0XD9AEC   ldr            x8, [x8, x9]                  x8:0x7853825c88  
0X784E12AAF0!0XD9AF0   mov            x0, x27                       x0:0x7845a15938  x27:0x7845a15938  
0X784E12AAF4!0XD9AF4   add            x8, x8, x19                   x8:0x784e160e50  x19:0xfffffffffa93b1c8  
0X784E12AAFC!0XD9AFC   ldr            x8, [x25]                     x8:0x788e5c99f8  
0X784E12AB00!0XD9B00   mov            x9, #-0x6658                  x9:0xffffffffffff99a8  
0X784E12AB04!0XD9B04   movk           x9, #0xbfc9, lsl #16          x9:0xffffffffbfc999a8  
0X784E12AB08!0XD9B08   add            x1, sp, #0x870                x1:0x7845a15450  sp:0x7845a14be0  
0X784E12AB0C!0XD9B0C   ldr            x8, [x8, x9]                  x8:0x7853826378  
0X784E12AB10!0XD9B10   add            x8, x8, x19                   x8:0x784e161540  x19:0xfffffffffa93b1c8  
0X784E12AB18!0XD9B18   ldr            x8, [x25]                     x8:0x788e5c99f8  
0X784E12AB1C!0XD9B1C   mov            x9, #-0x6650                  x9:0xffffffffffff99b0  
0X784E12AB20!0XD9B20   movk           x9, #0xbfc9, lsl #16          x9:0xffffffffbfc999b0  
0X784E12AB24!0XD9B24   add            x0, sp, #0x870                x0:0x7845a15450  sp:0x7845a14be0  
0X784E12AB28!0XD9B28   ldr            x8, [x8, x9]                  x8:0x7853820920  
0X784E12AB2C!0XD9B2C   add            x8, x8, x19                   x8:0x784e15bae8  x19:0xfffffffffa93b1c8  
0X784E12AB34!0XD9B34   ldp            x10, x8, [x25, #8]            x10:0x788e5ca528  x8:0x788e5e5128  
0X784E12AB38!0XD9B38   mov            w9, #0x260                    
0X784E12AB3C!0XD9B3C   mov            x28, #-0x6728                 x28:0xffffffffffff98d8  
0X784E12AB40!0XD9B40   movk           x28, #0xbfc9, lsl #16         x28:0xffffffffbfc998d8  
0X784E12AB44!0XD9B44   add            x8, x8, x20                   x8:0x784e27ea00  x20:0xffffffffbfc998d8  
0X784E12AB48!0XD9B48   ldarb          w8, [x8]                      
0X784E12AB4C!0XD9B4C   tst            w8, #1                        
0X784E12AB50!0XD9B50   mov            w8, #0x648                    
0X784E12AB54!0XD9B54   csel           x8, x8, x9, eq                x8:0x648  x9:0x260  
0X784E12AB58!0XD9B58   add            x8, x10, x8                   x8:0x788e5cab70  x10:0x788e5ca528  
0X784E12AB5C!0XD9B5C   ldr            x8, [x8, x20]                 x8:0x7834da4ac4  
0X784E12AB60!0XD9B60   mov            w9, #0x60ac                   
0X784E12AB64!0XD9B64   movk           w9, #0x1938, lsl #16          
0X784E12AB68!0XD9B68   add            x8, x8, x9                    x8:0x784e12ab70  x9:0x193860ac  
0X784E12AB70!0XD9B70   ldr            x8, [x25]                     x8:0x788e5c99f8  
0X784E12AB74!0XD9B74   mov            x9, #-0x6628                  x9:0xffffffffffff99d8  
0X784E12AB78!0XD9B78   movk           x9, #0xbfc9, lsl #16          x9:0xffffffffbfc999d8  
0X784E12AB7C!0XD9B7C   mov            x19, #-0x4e38                 x19:0xffffffffffffb1c8  
0X784E12AB80!0XD9B80   ldr            x8, [x8, x9]                  x8:0x78537a03a0  
0X784E12AB84!0XD9B84   ldr            x9, [x25, #0x10]              x9:0x788e5e5128  
0X784E12AB88!0XD9B88   mov            x20, #-0x6728                 x20:0xffffffffffff98d8  
0X784E12AB8C!0XD9B8C   movk           x19, #0xfa93, lsl #16         x19:0xfffffffffa93b1c8  
0X784E12AB90!0XD9B90   movk           x20, #0xbfc9, lsl #16         x20:0xffffffffbfc998d8  
0X784E12AB94!0XD9B94   add            x8, x8, x19                   x8:0x784e0db568  x19:0xfffffffffa93b1c8  
0X784E12AB98!0XD9B98   add            x0, x9, x20                   x0:0x784e27ea00  x9:0x788e5e5128  x20:0xffffffffbfc998d8  
0X784E12ABA0!0XD9BA0   ldr            x8, [x25, #8]                 x8:0x788e5ca528  
0X784E12ABA4!0XD9BA4   cmp            w0, #0                        
0X784E12ABA8!0XD9BA8   mov            w9, #0x5f8                    
0X784E12ABAC!0XD9BAC   mov            w10, #0x108                   
0X784E12ABB0!0XD9BB0   csel           x9, x10, x9, eq               x9:0x5f8  x10:0x108  
0X784E12ABB4!0XD9BB4   add            x8, x8, x9                    x8:0x788e5cab20  x9:0x5f8  
0X784E12ABB8!0XD9BB8   ldr            x8, [x8, x20]                 x8:0x7834da4b20  
0X784E12ABBC!0XD9BBC   mov            w9, #0x60ac                   
0X784E12ABC0!0XD9BC0   movk           w9, #0x1938, lsl #16          
0X784E12ABC4!0XD9BC4   add            x8, x8, x9                    x8:0x784e12abcc  x9:0x193860ac  
0X784E12ABCC!0XD9BCC   ldr            x10, [x25]                    x10:0x788e5c99f8  
0X784E12ABD0!0XD9BD0   add            x8, sp, #0x8a0                x8:0x7845a15480  sp:0x7845a14be0  
0X784E12ABD4!0XD9BD4   add            x9, sp, #0x8a8                x9:0x7845a15488  sp:0x7845a14be0  
0X784E12ABD8!0XD9BD8   stp            x8, x9, [x29, #-0xb0]         x8:0x7845a15480  x9:0x7845a15488  
0X784E12ABDC!0XD9BDC   mov            x8, #-0x6620                  x8:0xffffffffffff99e0  
0X784E12ABE0!0XD9BE0   movk           x8, #0xbfc9, lsl #16          x8:0xffffffffbfc999e0  
0X784E12ABE4!0XD9BE4   ldr            x8, [x10, x8]                 x8:0x7853834e34  
0X784E12ABE8!0XD9BE8   sub            x0, x29, #0xb0                x0:0x7845a157d0  fp:0x7845a15880  
0X784E12ABEC!0XD9BEC   add            x9, x8, x19                   x9:0x784e16fffc  x8:0x7853834e34  x19:0xfffffffffa93b1c8  
0X784E12ABF0!0XD9BF0   add            x8, sp, #0x9e8                x8:0x7845a155c8  sp:0x7845a14be0  
0X784E12ABF8!0XD9BF8   ldr            x8, [x25]                     x8:0x788e5c99f8  
0X784E12ABFC!0XD9BFC   mov            x9, #-0x6618                  x9:0xffffffffffff99e8  
0X784E12AC00!0XD9C00   movk           x9, #0xbfc9, lsl #16          x9:0xffffffffbfc999e8  
0X784E12AC04!0XD9C04   add            x1, sp, #0x9e8                x1:0x7845a155c8  sp:0x7845a14be0  
0X784E12AC08!0XD9C08   ldr            x8, [x8, x9]                  x8:0x7853834f14  
0X784E12AC0C!0XD9C0C   ldr            x9, [x25, #0x18]              x9:0x788e5e5130  
0X784E12AC10!0XD9C10   add            x8, x8, x19                   x8:0x784e1700dc  x19:0xfffffffffa93b1c8  
0X784E12AC14!0XD9C14   add            x0, x9, x20                   x0:0x784e27ea08  x9:0x788e5e5130  x20:0xffffffffbfc998d8  
0X784E12AC1C!0XD9C1C   ldr            x8, [x25]                     x8:0x788e5c99f8  
0X784E12AC20!0XD9C20   mov            x9, #-0x6610                  x9:0xffffffffffff99f0  
0X784E12AC24!0XD9C24   movk           x9, #0xbfc9, lsl #16          x9:0xffffffffbfc999f0  
0X784E12AC28!0XD9C28   add            x0, sp, #0x9e8                x0:0x7845a155c8  sp:0x7845a14be0  
0X784E12AC2C!0XD9C2C   ldr            x8, [x8, x9]                  x8:0x7853834f7c  
0X784E12AC30!0XD9C30   add            x8, x8, x19                   x8:0x784e170144  x19:0xfffffffffa93b1c8  
0X784E12AC38!0XD9C38   ldr            x8, [x25]                     x8:0x788e5c99f8  
0X784E12AC3C!0XD9C3C   mov            x9, #-0x6608                  x9:0xffffffffffff99f8  
0X784E12AC40!0XD9C40   movk           x9, #0xbfc9, lsl #16          x9:0xffffffffbfc999f8  
0X784E12AC44!0XD9C44   ldr            x8, [x8, x9]                  x8:0x78537a04bc  
0X784E12AC48!0XD9C48   ldr            x9, [x25, #0x10]              x9:0x788e5e5128  
0X784E12AC4C!0XD9C4C   add            x8, x8, x19                   x8:0x784e0db684  x19:0xfffffffffa93b1c8  
0X784E12AC50!0XD9C50   add            x0, x9, x20                   x0:0x784e27ea00  x9:0x788e5e5128  x20:0xffffffffbfc998d8  
0X784E12AC58!0XD9C58   ldr            x8, [x25]                     x8:0x788e5c99f8  
0X784E12AC5C!0XD9C5C   mov            x26, #-0x66f0                 x26:0xffffffffffff9910  
0X784E12AC60!0XD9C60   movk           x26, #0xbfc9, lsl #16         x26:0xffffffffbfc99910  
0X784E12AC64!0XD9C64   ldr            x9, [x25, #0x18]              x9:0x788e5e5130  
0X784E12AC68!0XD9C68   ldr            x8, [x8, x26]                 x8:0x78537d2d18  
0X784E12AC6C!0XD9C6C   mov            x22, #-0x4e38                 x22:0xffffffffffffb1c8  
0X784E12AC70!0XD9C70   mov            x23, #-0x6728                 x23:0xffffffffffff98d8  
0X784E12AC74!0XD9C74   movk           x22, #0xfa93, lsl #16         x22:0xfffffffffa93b1c8  
0X784E12AC78!0XD9C78   movk           x23, #0xbfc9, lsl #16         x23:0xffffffffbfc998d8  
0X784E12AC7C!0XD9C7C   add            x8, x8, x22                   x8:0x784e10dee0  x22:0xfffffffffa93b1c8  
0X784E12AC80!0XD9C80   add            x0, x9, x23                   x0:0x784e27ea08  x9:0x788e5e5130  x23:0xffffffffbfc998d8  
0X784E12AC88!0XD9C88   ldr            x8, [x25, #8]                 x8:0x788e5ca528  
0X784E12AC8C!0XD9C8C   tst            w0, #1                        
0X784E12AC90!0XD9C90   mov            w9, #0x2c0                    
0X784E12AC94!0XD9C94   mov            w10, #0x188                   
0X784E12AC98!0XD9C98   csel           x9, x10, x9, ne               x9:0x188  x10:0x188  
0X784E12AC9C!0XD9C9C   add            x8, x8, x9                    x8:0x788e5ca6b0  x9:0x188  
0X784E12ACA0!0XD9CA0   ldr            x8, [x8, x23]                 x8:0x7834da4c08  
0X784E12ACA4!0XD9CA4   mov            w9, #0x60ac                   
0X784E12ACA8!0XD9CA8   movk           w9, #0x1938, lsl #16          
0X784E12ACAC!0XD9CAC   add            x8, x8, x9                    x8:0x784e12acb4  x9:0x193860ac  
0X784E12ACB4!0XD9CB4   ldr            x8, [x25]                     x8:0x788e5c99f8  
0X784E12ACB8!0XD9CB8   mov            x9, #-0x6600                  x9:0xffffffffffff9a00  
0X784E12ACBC!0XD9CBC   movk           x9, #0xbfc9, lsl #16          x9:0xffffffffbfc99a00  
0X784E12ACC0!0XD9CC0   ldr            x1, [sp, #0x8a8]              x1:0x79d0720d50  
0X784E12ACC4!0XD9CC4   ldr            x8, [x8, x9]                  x8:0x78538fd630  
0X784E12ACC8!0XD9CC8   ldr            x9, [x25, #0x18]              x9:0x788e5e5130  
0X784E12ACCC!0XD9CCC   add            x8, x8, x22                   x8:0x784e2387f8  x22:0xfffffffffa93b1c8  
0X784E12ACD0!0XD9CD0   add            x0, x9, x23                   x0:0x784e27ea08  x9:0x788e5e5130  x23:0xffffffffbfc998d8  
0X784E12ACD8!0XD9CD8   ldr            x8, [x25]                     x8:0x788e5c99f8  
0X784E12ACDC!0XD9CDC   mov            x19, #-0x66f8                 x19:0xffffffffffff9908  
0X784E12ACE0!0XD9CE0   str            w0, [sp, #0xa70]              
0X784E12ACE4!0XD9CE4   movk           x19, #0xbfc9, lsl #16         x19:0xffffffffbfc99908  
0X784E12ACE8!0XD9CE8   ldr            x8, [x8, x19]                 x8:0x78538f17a8  
0X784E12ACEC!0XD9CEC   ldr            x0, [sp, #0x8a8]              x0:0x79d0720d50  
0X784E12ACF0!0XD9CF0   add            x8, x8, x22                   x8:0x784e22c970  x22:0xfffffffffa93b1c8  
0X784E12ACF8!0XD9CF8   ldr            x8, [x25, #8]                 x8:0x788e5ca528  
0X784E12ACFC!0XD9CFC   tst            w0, #1                        
0X784E12AD00!0XD9D00   mov            w9, #0x3b0                    
0X784E12AD04!0XD9D04   mov            w10, #0x670                   
0X784E12AD08!0XD9D08   csel           x9, x10, x9, ne               x9:0x3b0  x10:0x670  
0X784E12AD0C!0XD9D0C   add            x8, x8, x9                    x8:0x788e5ca8d8  x9:0x3b0  
0X784E12AD10!0XD9D10   ldr            x8, [x8, x23]                 x8:0x7834da4c78  
0X784E12AD14!0XD9D14   mov            w9, #0x60ac                   
0X784E12AD18!0XD9D18   movk           w9, #0x1938, lsl #16          
0X784E12AD1C!0XD9D1C   add            x8, x8, x9                    x8:0x784e12ad24  x9:0x193860ac  
0X784E12AD24!0XD9D24   ldr            x8, [x24, #0x1b0]             x8:0x788e5c99f8  
0X784E12AD28!0XD9D28   mov            x9, #-0x6670                  x9:0xffffffffffff9990  
0X784E12AD2C!0XD9D2C   movk           x9, #0xbfc9, lsl #16          x9:0xffffffffbfc99990  
0X784E12AD30!0XD9D30   mov            x20, #-0x4e38                 x20:0xffffffffffffb1c8  
0X784E12AD34!0XD9D34   ldr            x8, [x8, x9]                  x8:0x785382d550  
0X784E12AD38!0XD9D38   movk           x20, #0xfa93, lsl #16         x20:0xfffffffffa93b1c8  
0X784E12AD3C!0XD9D3C   add            x0, sp, #0x860                x0:0x7845a15440  sp:0x7845a14be0  
0X784E12AD40!0XD9D40   add            x1, sp, #0xa70                x1:0x7845a15650  sp:0x7845a14be0  
0X784E12AD44!0XD9D44   add            x8, x8, x20                   x8:0x784e168718  x20:0xfffffffffa93b1c8  
0X784E12AD4C!0XD9D4C   ldr            x8, [x24, #0x1b0]             x8:0x788e5c99f8  
0X784E12AD50!0XD9D50   mov            x9, #-0x65f8                  x9:0xffffffffffff9a08  
0X784E12AD54!0XD9D54   movk           x9, #0xbfc9, lsl #16          x9:0xffffffffbfc99a08  
0X784E12AD58!0XD9D58   sub            x0, x29, #0xb0                x0:0x7845a157d0  fp:0x7845a15880  
0X784E12AD5C!0XD9D5C   ldr            x8, [x8, x9]                  x8:0x785380c244  
0X784E12AD60!0XD9D60   add            x8, x8, x20                   x8:0x784e14740c  x20:0xfffffffffa93b1c8  
0X784E12AD68!0XD9D68   ldr            x8, [x24, #0x1b0]             x8:0x788e5c99f8  
0X784E12AD6C!0XD9D6C   mov            x9, #-0x6660                  x9:0xffffffffffff99a0  
0X784E12AD70!0XD9D70   movk           x9, #0xbfc9, lsl #16          x9:0xffffffffbfc999a0  
0X784E12AD74!0XD9D74   mov            x1, x0                        x1:0x79207680b0  x0:0x79207680b0  
0X784E12AD78!0XD9D78   ldr            x8, [x8, x9]                  x8:0x7853825c88  
0X784E12AD7C!0XD9D7C   mov            x0, x27                       x0:0x7845a15938  x27:0x7845a15938  
0X784E12AD80!0XD9D80   add            x8, x8, x20                   x8:0x784e160e50  x20:0xfffffffffa93b1c8  
0X784E12AD88!0XD9D88   ldr            x8, [x24, #0x1b0]             x8:0x788e5c99f8  
0X784E12AD8C!0XD9D8C   mov            x9, #-0x6658                  x9:0xffffffffffff99a8  
0X784E12AD90!0XD9D90   movk           x9, #0xbfc9, lsl #16          x9:0xffffffffbfc999a8  
0X784E12AD94!0XD9D94   add            x1, sp, #0x860                x1:0x7845a15440  sp:0x7845a14be0  
0X784E12AD98!0XD9D98   ldr            x8, [x8, x9]                  x8:0x7853826378  
0X784E12AD9C!0XD9D9C   add            x8, x8, x20                   x8:0x784e161540  x20:0xfffffffffa93b1c8  
0X784E12ADA4!0XD9DA4   ldr            x8, [x24, #0x1b0]             x8:0x788e5c99f8  
0X784E12ADA8!0XD9DA8   mov            x9, #-0x6650                  x9:0xffffffffffff99b0  
0X784E12ADAC!0XD9DAC   movk           x9, #0xbfc9, lsl #16          x9:0xffffffffbfc999b0  
0X784E12ADB0!0XD9DB0   add            x0, sp, #0x860                x0:0x7845a15440  sp:0x7845a14be0  
0X784E12ADB4!0XD9DB4   ldr            x8, [x8, x9]                  x8:0x7853820920  
0X784E12ADB8!0XD9DB8   add            x8, x8, x20                   x8:0x784e15bae8  x20:0xfffffffffa93b1c8  
0X784E12ADC0!0XD9DC0   ldr            x8, [x25]                     x8:0x788e5c99f8  
0X784E12ADC4!0XD9DC4   mov            x9, #-0x65f0                  x9:0xffffffffffff9a10  
0X784E12ADC8!0XD9DC8   movk           x9, #0xbfc9, lsl #16          x9:0xffffffffbfc99a10  
0X784E12ADCC!0XD9DCC   ldr            x1, [sp, #0x8a8]              x1:0x79d0720d50  
0X784E12ADD0!0XD9DD0   ldr            x8, [x8, x9]                  x8:0x78538fd6dc  
0X784E12ADD4!0XD9DD4   ldr            x9, [x25, #0x18]              x9:0x788e5e5130  
0X784E12ADD8!0XD9DD8   mov            x20, #-0x4e38                 x20:0xffffffffffffb1c8  
0X784E12ADDC!0XD9DDC   mov            x21, #-0x6728                 x21:0xffffffffffff98d8  
0X784E12ADE0!0XD9DE0   movk           x20, #0xfa93, lsl #16         x20:0xfffffffffa93b1c8  
0X784E12ADE4!0XD9DE4   movk           x21, #0xbfc9, lsl #16         x21:0xffffffffbfc998d8  
0X784E12ADE8!0XD9DE8   add            x10, x8, x20                  x10:0x784e2388a4  x8:0x78538fd6dc  x20:0xfffffffffa93b1c8  
0X784E12ADEC!0XD9DEC   add            x0, x9, x21                   x0:0x784e27ea08  x9:0x788e5e5130  x21:0xffffffffbfc998d8  
0X784E12ADF0!0XD9DF0   sub            x8, x29, #0xd0                x8:0x7845a157b0  fp:0x7845a15880  
0X784E12ADF8!0XD9DF8   ldr            x8, [x25]                     x8:0x788e5c99f8  
0X784E12ADFC!0XD9DFC   ldr            x0, [sp, #0x8a8]              x0:0x79d0720d50  
0X784E12AE00!0XD9E00   ldr            x8, [x8, x19]                 x8:0x78538f17a8  
0X784E12AE04!0XD9E04   add            x8, x8, x20                   x8:0x784e22c970  x20:0xfffffffffa93b1c8  
0X784E12AE0C!0XD9E0C   ldr            x8, [x25]                     x8:0x788e5c99f8  
0X784E12AE10!0XD9E10   mov            x19, #-0x66f0                 x19:0xffffffffffff9910  
0X784E12AE14!0XD9E14   movk           x19, #0xbfc9, lsl #16         x19:0xffffffffbfc99910  
0X784E12AE18!0XD9E18   sub            x0, x29, #0xd0                x0:0x7845a157b0  fp:0x7845a15880  
0X784E12AE1C!0XD9E1C   ldr            x8, [x8, x19]                 x8:0x78537d2d18  
0X784E12AE20!0XD9E20   add            x8, x8, x20                   x8:0x784e10dee0  x20:0xfffffffffa93b1c8  
0X784E12AE28!0XD9E28   ldr            x8, [x25, #8]                 x8:0x788e5ca528  
0X784E12AE2C!0XD9E2C   tst            w0, #1                        
0X784E12AE30!0XD9E30   mov            w9, #0x470                    
0X784E12AE34!0XD9E34   mov            w10, #0x580                   
0X784E12AE38!0XD9E38   csel           x9, x10, x9, ne               x9:0x580  x10:0x580  
0X784E12AE3C!0XD9E3C   add            x8, x8, x9                    x8:0x788e5caaa8  x9:0x580  
0X784E12AE40!0XD9E40   ldr            x8, [x8, x21]                 x8:0x7834da4da8  
0X784E12AE44!0XD9E44   mov            w9, #0x60ac                   
0X784E12AE48!0XD9E48   movk           w9, #0x1938, lsl #16          
0X784E12AE4C!0XD9E4C   add            x8, x8, x9                    x8:0x784e12ae54  x9:0x193860ac  
0X784E12AE54!0XD9E54   ldr            x8, [x25]                     x8:0x788e5c99f8  
0X784E12AE58!0XD9E58   mov            x9, #-0x65e8                  x9:0xffffffffffff9a18  
0X784E12AE5C!0XD9E5C   movk           x9, #0xbfc9, lsl #16          x9:0xffffffffbfc99a18  
0X784E12AE60!0XD9E60   ldr            x1, [sp, #0x8a8]              x1:0x79d0720d50  
0X784E12AE64!0XD9E64   ldr            x8, [x8, x9]                  x8:0x78538fd014  
0X784E12AE68!0XD9E68   sub            x0, x29, #0xd0                x0:0x7845a157b0  fp:0x7845a15880  
0X784E12AE6C!0XD9E6C   add            x9, x8, x20                   x9:0x784e2381dc  x8:0x78538fd014  x20:0xfffffffffa93b1c8  
0X784E12AE70!0XD9E70   sub            x8, x29, #0xf0                x8:0x7845a15790  fp:0x7845a15880  
0X784E12AE78!0XD9E78   ldr            x8, [x25]                     x8:0x788e5c99f8  
0X784E12AE7C!0XD9E7C   mov            x20, #-0x66f8                 x20:0xffffffffffff9908  
0X784E12AE80!0XD9E80   movk           x20, #0xbfc9, lsl #16         x20:0xffffffffbfc99908  
0X784E12AE84!0XD9E84   ldr            x0, [sp, #0x8a8]              x0:0x79d0720d50  
0X784E12AE88!0XD9E88   ldr            x8, [x8, x20]                 x8:0x78538f17a8  
0X784E12AE8C!0XD9E8C   mov            x26, #-0x4e38                 x26:0xffffffffffffb1c8  
0X784E12AE90!0XD9E90   movk           x26, #0xfa93, lsl #16         x26:0xfffffffffa93b1c8  
0X784E12AE94!0XD9E94   add            x8, x8, x26                   x8:0x784e22c970  x26:0xfffffffffa93b1c8  
0X784E12AE9C!0XD9E9C   ldr            x8, [x25]                     x8:0x788e5c99f8  
0X784E12AEA0!0XD9EA0   sub            x0, x29, #0xf0                x0:0x7845a15790  fp:0x7845a15880  
0X784E12AEA4!0XD9EA4   ldr            x8, [x8, x19]                 x8:0x78537d2d18  
0X784E12AEA8!0XD9EA8   add            x8, x8, x26                   x8:0x784e10dee0  x26:0xfffffffffa93b1c8  
0X784E12AEB0!0XD9EB0   ldr            x8, [x25, #8]                 x8:0x788e5ca528  
0X784E12AEB4!0XD9EB4   tst            w0, #1                        
0X784E12AEB8!0XD9EB8   mov            w9, #0x40                     
0X784E12AEBC!0XD9EBC   mov            w10, #0x398                   
0X784E12AEC0!0XD9EC0   csel           x9, x10, x9, ne               x9:0x398  x10:0x398  
0X784E12AEC4!0XD9EC4   add            x8, x8, x9                    x8:0x788e5ca8c0  x9:0x398  
0X784E12AEC8!0XD9EC8   ldr            x8, [x8, x21]                 x8:0x7834da4e30  
0X784E12AECC!0XD9ECC   mov            w9, #0x60ac                   
0X784E12AED0!0XD9ED0   movk           w9, #0x1938, lsl #16          
0X784E12AED4!0XD9ED4   add            x8, x8, x9                    x8:0x784e12aedc  x9:0x193860ac  
0X784E12AEDC!0XD9EDC   ldr            x8, [x24, #0x1b0]             x8:0x788e5c99f8  
0X784E12AEE0!0XD9EE0   mov            x9, #-0x65e0                  x9:0xffffffffffff9a20  
0X784E12AEE4!0XD9EE4   movk           x9, #0xbfc9, lsl #16          x9:0xffffffffbfc99a20  
0X784E12AEE8!0XD9EE8   ldr            x1, [sp, #0x8a8]              x1:0x79d0720d50  
0X784E12AEEC!0XD9EEC   ldr            x8, [x8, x9]                  x8:0x78538f7a28  
0X784E12AEF0!0XD9EF0   mov            x19, #-0x4e38                 x19:0xffffffffffffb1c8  
0X784E12AEF4!0XD9EF4   movk           x19, #0xfa93, lsl #16         x19:0xfffffffffa93b1c8  
0X784E12AEF8!0XD9EF8   sub            x0, x29, #0xf0                x0:0x7845a15790  fp:0x7845a15880  
0X784E12AEFC!0XD9EFC   add            x9, x8, x19                   x9:0x784e232bf0  x8:0x78538f7a28  x19:0xfffffffffa93b1c8  
0X784E12AF00!0XD9F00   sub            x8, x29, #0xb0                x8:0x7845a157d0  fp:0x7845a15880  
0X784E12AF08!0XD9F08   ldr            x8, [x24, #0x1b0]             x8:0x788e5c99f8  
0X784E12AF0C!0XD9F0C   mov            x9, #-0x65d8                  x9:0xffffffffffff9a28  
0X784E12AF10!0XD9F10   movk           x9, #0xbfc9, lsl #16          x9:0xffffffffbfc99a28  
0X784E12AF14!0XD9F14   add            x0, sp, #0x850                x0:0x7845a15430  sp:0x7845a14be0  
0X784E12AF18!0XD9F18   ldr            x8, [x8, x9]                  x8:0x785382cd08  
0X784E12AF1C!0XD9F1C   sub            x1, x29, #0xb0                x1:0x7845a157d0  fp:0x7845a15880  
0X784E12AF20!0XD9F20   add            x8, x8, x19                   x8:0x784e167ed0  x19:0xfffffffffa93b1c8  
0X784E12AF28!0XD9F28   ldr            x8, [x24, #0x1b0]             x8:0x788e5c99f8  
0X784E12AF2C!0XD9F2C   mov            x9, #-0x65d0                  x9:0xffffffffffff9a30  
0X784E12AF30!0XD9F30   movk           x9, #0xbfc9, lsl #16          x9:0xffffffffbfc99a30  
0X784E12AF34!0XD9F34   add            x0, sp, #0x9e8                x0:0x7845a155c8  sp:0x7845a14be0  
0X784E12AF38!0XD9F38   ldr            x8, [x8, x9]                  x8:0x785380c324  
0X784E12AF3C!0XD9F3C   add            x8, x8, x19                   x8:0x784e1474ec  x19:0xfffffffffa93b1c8  
0X784E12AF44!0XD9F44   ldr            x8, [x24, #0x1b0]             x8:0x788e5c99f8  
0X784E12AF48!0XD9F48   mov            x9, #-0x6660                  x9:0xffffffffffff99a0  
0X784E12AF4C!0XD9F4C   movk           x9, #0xbfc9, lsl #16          x9:0xffffffffbfc999a0  
0X784E12AF50!0XD9F50   mov            x1, x0                        x1:0x79207675b0  x0:0x79207675b0  
0X784E12AF54!0XD9F54   ldr            x8, [x8, x9]                  x8:0x7853825c88  
0X784E12AF58!0XD9F58   mov            x0, x27                       x0:0x7845a15938  x27:0x7845a15938  
0X784E12AF5C!0XD9F5C   add            x8, x8, x19                   x8:0x784e160e50  x19:0xfffffffffa93b1c8  
0X784E12AF64!0XD9F64   ldr            x8, [x24, #0x1b0]             x8:0x788e5c99f8  
0X784E12AF68!0XD9F68   mov            x9, #-0x6658                  x9:0xffffffffffff99a8  
0X784E12AF6C!0XD9F6C   movk           x9, #0xbfc9, lsl #16          x9:0xffffffffbfc999a8  
0X784E12AF70!0XD9F70   add            x1, sp, #0x850                x1:0x7845a15430  sp:0x7845a14be0  
0X784E12AF74!0XD9F74   ldr            x8, [x8, x9]                  x8:0x7853826378  
0X784E12AF78!0XD9F78   add            x8, x8, x19                   x8:0x784e161540  x19:0xfffffffffa93b1c8  
0X784E12AF80!0XD9F80   ldr            x8, [x24, #0x1b0]             x8:0x788e5c99f8  
0X784E12AF84!0XD9F84   mov            x9, #-0x6650                  x9:0xffffffffffff99b0  
0X784E12AF88!0XD9F88   movk           x9, #0xbfc9, lsl #16          x9:0xffffffffbfc999b0  
0X784E12AF8C!0XD9F8C   add            x0, sp, #0x850                x0:0x7845a15430  sp:0x7845a14be0  
0X784E12AF90!0XD9F90   ldr            x8, [x8, x9]                  x8:0x7853820920  
0X784E12AF94!0XD9F94   add            x8, x8, x19                   x8:0x784e15bae8  x19:0xfffffffffa93b1c8  
0X784E12AF9C!0XD9F9C   ldr            x8, [x24, #0x1b0]             x8:0x788e5c99f8  
0X784E12AFA0!0XD9FA0   mov            x9, #-0x65c8                  x9:0xffffffffffff9a38  
0X784E12AFA4!0XD9FA4   movk           x9, #0xbfc9, lsl #16          x9:0xffffffffbfc99a38  
0X784E12AFA8!0XD9FA8   sub            x0, x29, #0xb0                x0:0x7845a157d0  fp:0x7845a15880  
0X784E12AFAC!0XD9FAC   ldr            x8, [x8, x9]                  x8:0x785379e8e4  
0X784E12AFB0!0XD9FB0   add            x8, x8, x19                   x8:0x784e0d9aac  x19:0xfffffffffa93b1c8  
0X784E12AFB8!0XD9FB8   ldr            x8, [x25]                     x8:0x788e5c99f8  
0X784E12AFBC!0XD9FBC   mov            x9, #-0x65c0                  x9:0xffffffffffff9a40  
0X784E12AFC0!0XD9FC0   movk           x9, #0xbfc9, lsl #16          x9:0xffffffffbfc99a40  
0X784E12AFC4!0XD9FC4   ldr            x1, [sp, #0x8a8]              x1:0x79d0720d50  
0X784E12AFC8!0XD9FC8   ldr            x8, [x8, x9]                  x8:0x78538fd21c  
0X784E12AFCC!0XD9FCC   mov            x19, #-0x4e38                 x19:0xffffffffffffb1c8  
0X784E12AFD0!0XD9FD0   movk           x19, #0xfa93, lsl #16         x19:0xfffffffffa93b1c8  
0X784E12AFD4!0XD9FD4   sub            x0, x29, #0xd0                x0:0x7845a157b0  fp:0x7845a15880  
0X784E12AFD8!0XD9FD8   add            x9, x8, x19                   x9:0x784e2383e4  x8:0x78538fd21c  x19:0xfffffffffa93b1c8  
0X784E12AFDC!0XD9FDC   add            x8, sp, #0xb60                x8:0x7845a15740  sp:0x7845a14be0  
0X784E12AFE4!0XD9FE4   ldr            x8, [x25]                     x8:0x788e5c99f8  
0X784E12AFE8!0XD9FE8   ldr            x0, [sp, #0x8a8]              x0:0x79d0720d50  
0X784E12AFEC!0XD9FEC   ldr            x8, [x8, x20]                 x8:0x78538f17a8  
0X784E12AFF0!0XD9FF0   add            x8, x8, x19                   x8:0x784e22c970  x19:0xfffffffffa93b1c8  
0X784E12AFF8!0XD9FF8   ldr            x8, [x25]                     x8:0x788e5c99f8  
0X784E12AFFC!0XD9FFC   mov            x9, #-0x66f0                  x9:0xffffffffffff9910  
0X784E12B000!0XDA000   movk           x9, #0xbfc9, lsl #16          x9:0xffffffffbfc99910  
0X784E12B004!0XDA004   add            x0, sp, #0xb60                x0:0x7845a15740  sp:0x7845a14be0  
0X784E12B008!0XDA008   ldr            x8, [x8, x9]                  x8:0x78537d2d18  
0X784E12B00C!0XDA00C   add            x8, x8, x19                   x8:0x784e10dee0  x19:0xfffffffffa93b1c8  
0X784E12B014!0XDA014   ldr            x8, [x25, #8]                 x8:0x788e5ca528  
0X784E12B018!0XDA018   tst            w0, #1                        
0X784E12B01C!0XDA01C   mov            w9, #0x430                    
0X784E12B020!0XDA020   mov            w10, #0xb8                    
0X784E12B024!0XDA024   csel           x9, x10, x9, ne               x9:0xb8  x10:0xb8  
0X784E12B028!0XDA028   mov            x20, #-0x6728                 x20:0xffffffffffff98d8  
0X784E12B02C!0XDA02C   add            x8, x8, x9                    x8:0x788e5ca5e0  x9:0xb8  
0X784E12B030!0XDA030   movk           x20, #0xbfc9, lsl #16         x20:0xffffffffbfc998d8  
0X784E12B034!0XDA034   ldr            x8, [x8, x20]                 x8:0x7834da4f9c  
0X784E12B038!0XDA038   mov            w9, #0x60ac                   
0X784E12B03C!0XDA03C   movk           w9, #0x1938, lsl #16          
0X784E12B040!0XDA040   add            x8, x8, x9                    x8:0x784e12b048  x9:0x193860ac  
0X784E12B048!0XDA048   ldr            x8, [x24, #0x1b0]             x8:0x788e5c99f8  
0X784E12B04C!0XDA04C   mov            x9, #-0x65e0                  x9:0xffffffffffff9a20  
0X784E12B050!0XDA050   movk           x9, #0xbfc9, lsl #16          x9:0xffffffffbfc99a20  
0X784E12B054!0XDA054   ldr            x1, [sp, #0x8a8]              x1:0x79d0720d50  
0X784E12B058!0XDA058   ldr            x8, [x8, x9]                  x8:0x78538f7a28  
0X784E12B05C!0XDA05C   add            x0, sp, #0xb60                x0:0x7845a15740  sp:0x7845a14be0  
0X784E12B060!0XDA060   add            x9, x8, x19                   x9:0x784e232bf0  x8:0x78538f7a28  x19:0xfffffffffa93b1c8  
0X784E12B064!0XDA064   sub            x8, x29, #0xb0                x8:0x7845a157d0  fp:0x7845a15880  
0X784E12B06C!0XDA06C   ldr            x8, [x24, #0x1b0]             x8:0x788e5c99f8  
0X784E12B070!0XDA070   mov            x9, #-0x65d8                  x9:0xffffffffffff9a28  
0X784E12B074!0XDA074   movk           x9, #0xbfc9, lsl #16          x9:0xffffffffbfc99a28  
0X784E12B078!0XDA078   add            x0, sp, #0x840                x0:0x7845a15420  sp:0x7845a14be0  
0X784E12B07C!0XDA07C   ldr            x8, [x8, x9]                  x8:0x785382cd08  
0X784E12B080!0XDA080   sub            x1, x29, #0xb0                x1:0x7845a157d0  fp:0x7845a15880  
0X784E12B084!0XDA084   add            x8, x8, x19                   x8:0x784e167ed0  x19:0xfffffffffa93b1c8  
0X784E12B08C!0XDA08C   ldr            x8, [x24, #0x1b0]             x8:0x788e5c99f8  
0X784E12B090!0XDA090   mov            x9, #-0x65b8                  x9:0xffffffffffff9a48  
0X784E12B094!0XDA094   movk           x9, #0xbfc9, lsl #16          x9:0xffffffffbfc99a48  
0X784E12B098!0XDA098   add            x0, sp, #0x9e8                x0:0x7845a155c8  sp:0x7845a14be0  
0X784E12B09C!0XDA09C   ldr            x8, [x8, x9]                  x8:0x785380c404  
0X784E12B0A0!0XDA0A0   add            x8, x8, x19                   x8:0x784e1475cc  x19:0xfffffffffa93b1c8  
0X784E12B0A8!0XDA0A8   ldr            x8, [x24, #0x1b0]             x8:0x788e5c99f8  
0X784E12B0AC!0XDA0AC   mov            x9, #-0x6660                  x9:0xffffffffffff99a0  
0X784E12B0B0!0XDA0B0   movk           x9, #0xbfc9, lsl #16          x9:0xffffffffbfc999a0  
0X784E12B0B4!0XDA0B4   mov            x1, x0                        x1:0x7920759290  x0:0x7920759290  
0X784E12B0B8!0XDA0B8   ldr            x8, [x8, x9]                  x8:0x7853825c88  
0X784E12B0BC!0XDA0BC   mov            x0, x27                       x0:0x7845a15938  x27:0x7845a15938  
0X784E12B0C0!0XDA0C0   add            x8, x8, x19                   x8:0x784e160e50  x19:0xfffffffffa93b1c8  
0X784E12B0C8!0XDA0C8   ldr            x8, [x24, #0x1b0]             x8:0x788e5c99f8  
0X784E12B0CC!0XDA0CC   mov            x9, #-0x6658                  x9:0xffffffffffff99a8  
0X784E12B0D0!0XDA0D0   movk           x9, #0xbfc9, lsl #16          x9:0xffffffffbfc999a8  
0X784E12B0D4!0XDA0D4   add            x1, sp, #0x840                x1:0x7845a15420  sp:0x7845a14be0  
0X784E12B0D8!0XDA0D8   ldr            x8, [x8, x9]                  x8:0x7853826378  
0X784E12B0DC!0XDA0DC   add            x8, x8, x19                   x8:0x784e161540  x19:0xfffffffffa93b1c8  
0X784E12B0E4!0XDA0E4   ldr            x8, [x24, #0x1b0]             x8:0x788e5c99f8  
0X784E12B0E8!0XDA0E8   mov            x9, #-0x6650                  x9:0xffffffffffff99b0  
0X784E12B0EC!0XDA0EC   movk           x9, #0xbfc9, lsl #16          x9:0xffffffffbfc999b0  
0X784E12B0F0!0XDA0F0   add            x0, sp, #0x840                x0:0x7845a15420  sp:0x7845a14be0  
0X784E12B0F4!0XDA0F4   ldr            x8, [x8, x9]                  x8:0x7853820920  
0X784E12B0F8!0XDA0F8   add            x8, x8, x19                   x8:0x784e15bae8  x19:0xfffffffffa93b1c8  
0X784E12B100!0XDA100   ldr            x8, [x24, #0x1b0]             x8:0x788e5c99f8  
0X784E12B104!0XDA104   mov            x9, #-0x65c8                  x9:0xffffffffffff9a38  
0X784E12B108!0XDA108   movk           x9, #0xbfc9, lsl #16          x9:0xffffffffbfc99a38  
0X784E12B10C!0XDA10C   sub            x0, x29, #0xb0                x0:0x7845a157d0  fp:0x7845a15880  
0X784E12B110!0XDA110   ldr            x8, [x8, x9]                  x8:0x785379e8e4  
0X784E12B114!0XDA114   add            x8, x8, x19                   x8:0x784e0d9aac  x19:0xfffffffffa93b1c8  
0X784E12B11C!0XDA11C   ldr            x8, [x25]                     x8:0x788e5c99f8  
0X784E12B120!0XDA120   mov            x9, #-0x65b0                  x9:0xffffffffffff9a50  
0X784E12B124!0XDA124   movk           x9, #0xbfc9, lsl #16          x9:0xffffffffbfc99a50  
0X784E12B128!0XDA128   ldr            x1, [sp, #0x8a8]              x1:0x79d0720d50  
0X784E12B12C!0XDA12C   ldr            x8, [x8, x9]                  x8:0x78538fd290  
0X784E12B130!0XDA130   sub            x0, x29, #0xd0                x0:0x7845a157b0  fp:0x7845a15880  
0X784E12B134!0XDA134   add            x8, x8, x19                   x8:0x784e238458  x19:0xfffffffffa93b1c8  
0X784E12B13C!0XDA13C   ldr            x8, [x25]                     x8:0x788e5c99f8  
0X784E12B140!0XDA140   mov            x9, #-0x66f8                  x9:0xffffffffffff9908  
0X784E12B144!0XDA144   movk           x9, #0xbfc9, lsl #16          x9:0xffffffffbfc99908  
0X784E12B148!0XDA148   mov            w21, w0                       
0X784E12B14C!0XDA14C   ldr            x8, [x8, x9]                  x8:0x78538f17a8  
0X784E12B150!0XDA150   ldr            x0, [sp, #0x8a8]              x0:0x79d0720d50  
0X784E12B154!0XDA154   add            x8, x8, x19                   x8:0x784e22c970  x19:0xfffffffffa93b1c8  
0X784E12B15C!0XDA15C   ldr            x8, [x25, #8]                 x8:0x788e5ca528  
0X784E12B160!0XDA160   tst            w0, #1                        
0X784E12B164!0XDA164   mov            w9, #0x520                    
0X784E12B168!0XDA168   mov            w10, #0x280                   
0X784E12B16C!0XDA16C   csel           x9, x10, x9, ne               x9:0x520  x10:0x280  
0X784E12B170!0XDA170   add            x8, x8, x9                    x8:0x788e5caa48  x9:0x520  
0X784E12B174!0XDA174   ldr            x8, [x8, x20]                 x8:0x7834da50dc  
0X784E12B178!0XDA178   mov            w9, #0x60ac                   
0X784E12B17C!0XDA17C   movk           w9, #0x1938, lsl #16          
0X784E12B180!0XDA180   add            x8, x8, x9                    x8:0x784e12b188  x9:0x193860ac  
0X784E12B188!0XDA188   ldr            x8, [x24, #0x1b0]             x8:0x788e5c99f8  
0X784E12B18C!0XDA18C   mov            x9, #-0x65a8                  x9:0xffffffffffff9a58  
0X784E12B190!0XDA190   movk           x9, #0xbfc9, lsl #16          x9:0xffffffffbfc99a58  
0X784E12B194!0XDA194   mov            x19, #-0x4e38                 x19:0xffffffffffffb1c8  
0X784E12B198!0XDA198   ldr            x8, [x8, x9]                  x8:0x7bc8fe0764  
0X784E12B19C!0XDA19C   movk           x19, #0xfa93, lsl #16         x19:0xfffffffffa93b1c8  
0X784E12B1A0!0XDA1A0   mov            w0, w21                       
0X784E12B1A4!0XDA1A4   add            x8, x8, x19                   x8:0x7bc391b92c  x19:0xfffffffffa93b1c8  
0X784E12B1AC!0XDA1AC   ldr            x8, [x24, #0x1b0]             x8:0x788e5c99f8  
0X784E12B1B0!0XDA1B0   mov            x9, #-0x65a0                  x9:0xffffffffffff9a60  
0X784E12B1B4!0XDA1B4   stur           x0, [x29, #-0xb0]             x0:0x7bc3eacbd4  
0X784E12B1B8!0XDA1B8   movk           x9, #0xbfc9, lsl #16          x9:0xffffffffbfc99a60  
0X784E12B1BC!0XDA1BC   ldr            x8, [x8, x9]                  x8:0x785382dc64  
0X784E12B1C0!0XDA1C0   add            x0, sp, #0x830                x0:0x7845a15410  sp:0x7845a14be0  
0X784E12B1C4!0XDA1C4   sub            x1, x29, #0xb0                x1:0x7845a157d0  fp:0x7845a15880  
0X784E12B1C8!0XDA1C8   add            x8, x8, x19                   x8:0x784e168e2c  x19:0xfffffffffa93b1c8  
0X784E12B1D0!0XDA1D0   ldr            x8, [x24, #0x1b0]             x8:0x788e5c99f8  
0X784E12B1D4!0XDA1D4   mov            x9, #-0x6598                  x9:0xffffffffffff9a68  
0X784E12B1D8!0XDA1D8   movk           x9, #0xbfc9, lsl #16          x9:0xffffffffbfc99a68  
0X784E12B1DC!0XDA1DC   add            x0, sp, #0x9e8                x0:0x7845a155c8  sp:0x7845a14be0  
0X784E12B1E0!0XDA1E0   ldr            x8, [x8, x9]                  x8:0x785380c4e4  
0X784E12B1E4!0XDA1E4   add            x8, x8, x19                   x8:0x784e1476ac  x19:0xfffffffffa93b1c8  
0X784E12B1EC!0XDA1EC   ldr            x8, [x24, #0x1b0]             x8:0x788e5c99f8  
0X784E12B1F0!0XDA1F0   mov            x9, #-0x6660                  x9:0xffffffffffff99a0  
0X784E12B1F4!0XDA1F4   movk           x9, #0xbfc9, lsl #16          x9:0xffffffffbfc999a0  
0X784E12B1F8!0XDA1F8   mov            x1, x0                        x1:0x7920738c90  x0:0x7920738c90  
0X784E12B1FC!0XDA1FC   ldr            x8, [x8, x9]                  x8:0x7853825c88  
0X784E12B200!0XDA200   mov            x0, x27                       x0:0x7845a15938  x27:0x7845a15938  
0X784E12B204!0XDA204   add            x8, x8, x19                   x8:0x784e160e50  x19:0xfffffffffa93b1c8  
0X784E12B20C!0XDA20C   ldr            x8, [x24, #0x1b0]             x8:0x788e5c99f8  
0X784E12B210!0XDA210   mov            x9, #-0x6658                  x9:0xffffffffffff99a8  
0X784E12B214!0XDA214   movk           x9, #0xbfc9, lsl #16          x9:0xffffffffbfc999a8  
0X784E12B218!0XDA218   add            x1, sp, #0x830                x1:0x7845a15410  sp:0x7845a14be0  
0X784E12B21C!0XDA21C   ldr            x8, [x8, x9]                  x8:0x7853826378  
0X784E12B220!0XDA220   add            x8, x8, x19                   x8:0x784e161540  x19:0xfffffffffa93b1c8  
0X784E12B228!0XDA228   ldr            x8, [x24, #0x1b0]             x8:0x788e5c99f8  
0X784E12B22C!0XDA22C   mov            x9, #-0x6650                  x9:0xffffffffffff99b0  
0X784E12B230!0XDA230   movk           x9, #0xbfc9, lsl #16          x9:0xffffffffbfc999b0  
0X784E12B234!0XDA234   add            x0, sp, #0x830                x0:0x7845a15410  sp:0x7845a14be0  
0X784E12B238!0XDA238   ldr            x8, [x8, x9]                  x8:0x7853820920  
0X784E12B23C!0XDA23C   add            x8, x8, x19                   x8:0x784e15bae8  x19:0xfffffffffa93b1c8  
0X784E12B244!0XDA244   ldr            x8, [x25]                     x8:0x788e5c99f8  
0X784E12B248!0XDA248   mov            x9, #-0x6590                  x9:0xffffffffffff9a70  
0X784E12B24C!0XDA24C   movk           x9, #0xbfc9, lsl #16          x9:0xffffffffbfc99a70  
0X784E12B250!0XDA250   ldr            x1, [sp, #0x8a8]              x1:0x79d0720d50  
0X784E12B254!0XDA254   ldr            x8, [x8, x9]                  x8:0x78538fd790  
0X784E12B258!0XDA258   ldr            x9, [x25, #0x18]              x9:0x788e5e5130  
0X784E12B25C!0XDA25C   mov            x26, #-0x4e38                 x26:0xffffffffffffb1c8  
0X784E12B260!0XDA260   mov            x19, #-0x6728                 x19:0xffffffffffff98d8  
0X784E12B264!0XDA264   movk           x26, #0xfa93, lsl #16         x26:0xfffffffffa93b1c8  
0X784E12B268!0XDA268   movk           x19, #0xbfc9, lsl #16         x19:0xffffffffbfc998d8  
0X784E12B26C!0XDA26C   add            x10, x8, x26                  x10:0x784e238958  x8:0x78538fd790  x26:0xfffffffffa93b1c8  
0X784E12B270!0XDA270   add            x0, x9, x19                   x0:0x784e27ea08  x9:0x788e5e5130  x19:0xffffffffbfc998d8  
0X784E12B274!0XDA274   sub            x8, x29, #0xb0                x8:0x7845a157d0  fp:0x7845a15880  
0X784E12B27C!0XDA27C   ldr            x8, [x25]                     x8:0x788e5c99f8  
0X784E12B280!0XDA280   mov            x9, #-0x6588                  x9:0xffffffffffff9a78  
0X784E12B284!0XDA284   movk           x9, #0xbfc9, lsl #16          x9:0xffffffffbfc99a78  
0X784E12B288!0XDA288   sub            x0, x29, #0xb0                x0:0x7845a157d0  fp:0x7845a15880  
0X784E12B28C!0XDA28C   ldr            x8, [x8, x9]                  x8:0x7853834fe0  
0X784E12B290!0XDA290   add            x8, x8, x26                   x8:0x784e1701a8  x26:0xfffffffffa93b1c8  
0X784E12B298!0XDA298   ldr            x8, [x25, #8]                 x8:0x788e5ca528  
0X784E12B29C!0XDA29C   tst            w0, #1                        
0X784E12B2A0!0XDA2A0   mov            w9, #0x70                     
0X784E12B2A4!0XDA2A4   mov            w10, #0x640                   
0X784E12B2A8!0XDA2A8   csel           x9, x10, x9, ne               x9:0x640  x10:0x640  
0X784E12B2AC!0XDA2AC   add            x9, x8, x9                    x9:0x788e5cab68  x8:0x788e5ca528  
0X784E12B2B0!0XDA2B0   ldr            x9, [x9, x19]                 x9:0x7834da5218  
0X784E12B2B4!0XDA2B4   mov            w10, #0x60ac                  
0X784E12B2B8!0XDA2B8   movk           w10, #0x1938, lsl #16         
0X784E12B2BC!0XDA2BC   add            x9, x9, x10                   x9:0x784e12b2c4  x10:0x193860ac  
0X784E12B2C4!0XDA2C4   ldr            w9, [sp, #0xa90]              
0X784E12B2C8!0XDA2C8   mov            w10, #0xb0                    
0X784E12B2CC!0XDA2CC   mov            x26, #-0x66f0                 x26:0xffffffffffff9910  
0X784E12B2D0!0XDA2D0   movk           x26, #0xbfc9, lsl #16         x26:0xffffffffbfc99910  
0X784E12B2D4!0XDA2D4   cmp            w9, #1                        
0X784E12B2D8!0XDA2D8   mov            w9, #0x3e0                    
0X784E12B2DC!0XDA2DC   csel           x9, x9, x10, eq               x9:0xb0  x10:0xb0  
0X784E12B2E0!0XDA2E0   add            x8, x8, x9                    x8:0x788e5ca5d8  x9:0xb0  
0X784E12B2E4!0XDA2E4   ldr            x8, [x8, x19]                 x8:0x7834da5a58  
0X784E12B2E8!0XDA2E8   mov            w9, #0x60ac                   
0X784E12B2EC!0XDA2EC   movk           w9, #0x1938, lsl #16          
0X784E12B2F0!0XDA2F0   add            x8, x8, x9                    x8:0x784e12bb04  x9:0x193860ac  
