0X1DAEAC  str            xzr, [sp, #0x18]              
0X1DAEB0  str            wzr, [sp, #0x20]              
0X1DAEB4  movk           w9, #0x1932, lsl #16          
0X1DAEB8  ldr            x8, [x8, x9]                  x8:0x79f1c2a7a4!-0x5908685c  
0X1DAEBC  mov            w25, #0x1ef8                  
0X1DAEC0  movk           w25, #0x5926, lsl #16         
0X1DAEC4  add            x0, sp, #0x10                 x0:0x7a60047a30  sp:0x7a60047a20  
0X1DAEC8  add            x8, x8, x25                   x8:0x7a4ae8c69c!0x1db69c  x25:0x59261ef8  
0X1DAECC  mov            w1, #0x14                     
0X1DAED0  mov            w3, #0x14                     
0X1DAED4  mov            w2, wzr                       
0X1DAED8  mov            w21, #0x14                    
0X1DAEDC  blr            x8                            

0X1DAEE0  str            w21, [sp, #0x10]              
0X1DAEE4  ldr            x21, [x24, #0x580]            x21:0x7a31bb11f4  
0X1DAEE8  mov            w8, #0x301                    
0X1DAEEC  mov            w26, #0x739c                  
0X1DAEF0  strh           w20, [sp, #0x14]              
0X1DAEF4  strb           wzr, [sp, #0x20]              
0X1DAEF8  movk           w26, #0x1932, lsl #16         
0X1DAEFC  strh           w8, [sp, #0x16]               
0X1DAF00  mov            w24, #0x10                    
0X1DAF04  mov            w27, #0x30                    
0X1DAF08  ldr            x8, [x21, x26]                x8:0x79f1c276b0!-0x59089950  
0X1DAF0C  mov            x0, x19                       x0:0x7a60047b38  x19:0x7a60047b38  
0X1DAF10  add            x8, x8, x25                   x8:0x7a4ae895a8!0x1d85a8  x25:0x59261ef8  
0X1DAF14  blr            x8                            

0X1DAF18  ldr            x8, [x22]                     x8:0x7a31bb11f4!-0x190ffe0c  
0X1DAF1C  mov            w9, #0x73bc                   
0X1DAF20  movk           w9, #0x1932, lsl #16          
0X1DAF24  add            x1, sp, #0x10                 x1:0x7a60047a30  sp:0x7a60047a20  
0X1DAF28  ldr            x8, [x8, x9]                  x8:0x79f1c2a3d8!-0x59086c28  
0X1DAF2C  mov            w2, #0x14                     
0X1DAF30  mov            w3, #0x14                     
0X1DAF34  mov            w4, wzr                       
0X1DAF38  add            x8, x8, x25                   x8:0x7a4ae8c2d0!0x1db2d0  x25:0x59261ef8  
0X1DAF3C  blr            x8                            

0X1DAF40  ldr            x8, [x22, #8]                 x8:0x7a31bb1224!-0x190ffddc  
0X1DAF44  cmn            x0, #1                        x0:0x14  
0X1DAF48  mov            x20, x0                       x20:0x14  x0:0x14  
0X1DAF4C  add            x28, x8, x26                  x28:0x7a4aed85c0  x8:0x7a31bb1224!-0x190ffddc  x26:0x1932739c  
0X1DAF50  mov            w8, #0x38                     
0X1DAF54  csel           x8, xzr, x8, eq               x8:0x38!-0x7a4acb0fc8  
0X1DAF58  ldr            x8, [x28, x8]                 x8:0x7a6d80a000!0x22b59000  
0X1DAF5C  add            x8, x8, x23                   x8:0x7a4ae8bf9c!0x1daf9c  x23:0xffffffffdd681f9c  
